[2m2021-03-02 20:35:59.415[0;39m [  ] [32m INFO[0;39m [35m18548[0;39m [2m---[0;39m [2m[  restartedMain][0;39m [36mcom.revature.Project1Application        [0;39m [2m:[0;39m Starting Project1Application using Java 1.8.0_282 on DESKTOP-7L903T3 with PID 18548 (C:\Users\huske\Documents\210201sre\myDemos\projects\project1\target\classes started by huske in C:\Users\huske\Documents\210201sre\myDemos\projects\project1)
[2m2021-03-02 20:36:01.430[0;39m [  ] [32m INFO[0;39m [35m18548[0;39m [2m---[0;39m [2m[  restartedMain][0;39m [36mcom.revature.Project1Application        [0;39m [2m:[0;39m No active profile set, falling back to default profiles: default
[2m2021-03-02 20:36:09.023[0;39m [  ] [32m INFO[0;39m [35m18548[0;39m [2m---[0;39m [2m[  restartedMain][0;39m [36mcom.revature.Project1Application        [0;39m [2m:[0;39m Started Project1Application in 12.226 seconds (JVM running for 13.908)
2021-03-02 20:52:18.760 [  ]  INFO 12948 --- [           main] com.revature.Project1ApplicationTests    : Starting Project1ApplicationTests using Java 1.8.0_282 on DESKTOP-7L903T3 with PID 12948 (started by huske in C:\Users\huske\Documents\210201sre\myDemos\projects\project1)
2021-03-02 20:52:20.775 [  ]  INFO 12948 --- [           main] com.revature.Project1ApplicationTests    : No active profile set, falling back to default profiles: default
2021-03-02 20:52:33.621 [  ]  INFO 12948 --- [           main] com.revature.Project1ApplicationTests    : Started Project1ApplicationTests in 17.395 seconds (JVM running for 19.268)
[2m2021-03-03 07:31:30.211[0;39m [  ] [32m INFO[0;39m [35m6924[0;39m [2m---[0;39m [2m[  restartedMain][0;39m [36mcom.revature.Project1Application        [0;39m [2m:[0;39m Starting Project1Application using Java 1.8.0_282 on DESKTOP-7L903T3 with PID 6924 (C:\Users\huske\Documents\210201sre\myDemos\projects\project1\target\classes started by huske in C:\Users\huske\Documents\210201sre\myDemos\projects\project1)
[2m2021-03-03 07:31:30.219[0;39m [  ] [32m INFO[0;39m [35m6924[0;39m [2m---[0;39m [2m[  restartedMain][0;39m [36mcom.revature.Project1Application        [0;39m [2m:[0;39m No active profile set, falling back to default profiles: default
[2m2021-03-03 07:31:37.727[0;39m [  ] [32m INFO[0;39m [35m6924[0;39m [2m---[0;39m [2m[  restartedMain][0;39m [36mcom.revature.Project1Application        [0;39m [2m:[0;39m Started Project1Application in 7.869 seconds (JVM running for 9.039)
[2m2021-03-03 07:32:06.628[0;39m [ event=making transaction ] [32m INFO[0;39m [35m6924[0;39m [2m---[0;39m [2m[nio-8080-exec-1][0;39m [36mcom.revature.services.ItemService       [0;39m [2m:[0;39m Creating new Transaction
[2m2021-03-03 07:32:07.073[0;39m [ event=making transaction, userId=TransactionID = 27 ] [32m INFO[0;39m [35m6924[0;39m [2m---[0;39m [2m[nio-8080-exec-1][0;39m [36mcom.revature.services.ItemService       [0;39m [2m:[0;39m Successfully created transaction
[2m2021-03-03 07:35:04.343[0;39m [  ] [32m INFO[0;39m [35m10484[0;39m [2m---[0;39m [2m[  restartedMain][0;39m [36mcom.revature.Project1Application        [0;39m [2m:[0;39m Starting Project1Application using Java 1.8.0_282 on DESKTOP-7L903T3 with PID 10484 (C:\Users\huske\Documents\210201sre\myDemos\projects\project1\target\classes started by huske in C:\Users\huske\Documents\210201sre\myDemos\projects\project1)
[2m2021-03-03 07:35:04.351[0;39m [  ] [32m INFO[0;39m [35m10484[0;39m [2m---[0;39m [2m[  restartedMain][0;39m [36mcom.revature.Project1Application        [0;39m [2m:[0;39m No active profile set, falling back to default profiles: default
[2m2021-03-03 07:35:27.635[0;39m [ event=making transaction ] [32m INFO[0;39m [35m6924[0;39m [2m---[0;39m [2m[nio-8080-exec-5][0;39m [36mcom.revature.services.ItemService       [0;39m [2m:[0;39m Creating new Transaction
[2m2021-03-03 07:35:27.963[0;39m [ event=making transaction, userId=TransactionID = 28 ] [32m INFO[0;39m [35m6924[0;39m [2m---[0;39m [2m[nio-8080-exec-5][0;39m [36mcom.revature.services.ItemService       [0;39m [2m:[0;39m Successfully created transaction
[2m2021-03-03 07:37:15.764[0;39m [ event=Obtaining gross profit ] [32m INFO[0;39m [35m6924[0;39m [2m---[0;39m [2m[nio-8080-exec-8][0;39m [36mcom.revature.services.ItemService       [0;39m [2m:[0;39m Obtained Gross Profit: $129.90
[2m2021-03-03 08:01:44.313[0;39m [ event=Obtaining gross profit ] [32m INFO[0;39m [35m6924[0;39m [2m---[0;39m [2m[nio-8080-exec-2][0;39m [36mcom.revature.services.ItemService       [0;39m [2m:[0;39m Obtained Gross Profit: $129.90
[2m2021-03-03 08:01:54.869[0;39m [ event=Obtaining losses, userId=TransactionID = 27 ] [32m INFO[0;39m [35m6924[0;39m [2m---[0;39m [2m[nio-8080-exec-1][0;39m [36mcom.revature.services.ItemService       [0;39m [2m:[0;39m Obtained Losses: $-129.90
[2m2021-03-03 08:02:10.744[0;39m [ event=Getting list of all Transactions in database ] [32m INFO[0;39m [35m6924[0;39m [2m---[0;39m [2m[nio-8080-exec-3][0;39m [36mcom.revature.services.ItemService       [0;39m [2m:[0;39m Found list of all transactions
[2m2021-03-04 10:24:44.676[0;39m [  ] [32m INFO[0;39m [35m21180[0;39m [2m---[0;39m [2m[  restartedMain][0;39m [36mcom.revature.Project1Application        [0;39m [2m:[0;39m Starting Project1Application using Java 1.8.0_282 on DESKTOP-7L903T3 with PID 21180 (C:\Users\huske\Documents\210201sre\myDemos\projects\project1\target\classes started by huske in C:\Users\huske\Documents\210201sre\myDemos\projects\project1)
[2m2021-03-04 10:24:44.688[0;39m [  ] [32m INFO[0;39m [35m21180[0;39m [2m---[0;39m [2m[  restartedMain][0;39m [36mcom.revature.Project1Application        [0;39m [2m:[0;39m No active profile set, falling back to default profiles: default
[2m2021-03-04 10:24:52.413[0;39m [  ] [32m INFO[0;39m [35m21180[0;39m [2m---[0;39m [2m[  restartedMain][0;39m [36mcom.revature.Project1Application        [0;39m [2m:[0;39m Started Project1Application in 9.618 seconds (JVM running for 11.546)
[2m2021-03-04 10:26:00.219[0;39m [ event=event = Registering new user ] [32m INFO[0;39m [35m21180[0;39m [2m---[0;39m [2m[nio-8080-exec-3][0;39m [36mcom.revature.services.UserService       [0;39m [2m:[0;39m Registering new User
[2m2021-03-04 10:26:00.223[0;39m [ event=event = Registering new user, userId=userID = 0 ] [32m INFO[0;39m [35m21180[0;39m [2m---[0;39m [2m[nio-8080-exec-3][0;39m [36mcom.revature.services.UserService       [0;39m [2m:[0;39m Successfully registered User
[2m2021-03-04 10:26:32.489[0;39m [  ] [32m INFO[0;39m [35m21180[0;39m [2m---[0;39m [2m[  restartedMain][0;39m [36mcom.revature.Project1Application        [0;39m [2m:[0;39m Starting Project1Application using Java 1.8.0_282 on DESKTOP-7L903T3 with PID 21180 (C:\Users\huske\Documents\210201sre\myDemos\projects\project1\target\classes started by huske in C:\Users\huske\Documents\210201sre\myDemos\projects\project1)
[2m2021-03-04 10:26:32.490[0;39m [  ] [32m INFO[0;39m [35m21180[0;39m [2m---[0;39m [2m[  restartedMain][0;39m [36mcom.revature.Project1Application        [0;39m [2m:[0;39m No active profile set, falling back to default profiles: default
[2m2021-03-04 10:26:35.071[0;39m [  ] [32m INFO[0;39m [35m21180[0;39m [2m---[0;39m [2m[  restartedMain][0;39m [36mcom.revature.Project1Application        [0;39m [2m:[0;39m Started Project1Application in 2.619 seconds (JVM running for 114.204)
[2m2021-03-04 10:29:18.878[0;39m [  ] [32m INFO[0;39m [35m21180[0;39m [2m---[0;39m [2m[  restartedMain][0;39m [36mcom.revature.Project1Application        [0;39m [2m:[0;39m Starting Project1Application using Java 1.8.0_282 on DESKTOP-7L903T3 with PID 21180 (C:\Users\huske\Documents\210201sre\myDemos\projects\project1\target\classes started by huske in C:\Users\huske\Documents\210201sre\myDemos\projects\project1)
[2m2021-03-04 10:29:18.880[0;39m [  ] [32m INFO[0;39m [35m21180[0;39m [2m---[0;39m [2m[  restartedMain][0;39m [36mcom.revature.Project1Application        [0;39m [2m:[0;39m No active profile set, falling back to default profiles: default
[2m2021-03-04 10:29:21.294[0;39m [  ] [32m INFO[0;39m [35m21180[0;39m [2m---[0;39m [2m[  restartedMain][0;39m [36mcom.revature.Project1Application        [0;39m [2m:[0;39m Started Project1Application in 2.453 seconds (JVM running for 280.425)
[2m2021-03-04 10:29:28.215[0;39m [ event=Registering new user ] [32m INFO[0;39m [35m21180[0;39m [2m---[0;39m [2m[nio-8080-exec-2][0;39m [36mcom.revature.services.UserService       [0;39m [2m:[0;39m Registering new User
[2m2021-03-04 10:29:28.216[0;39m [ event=Registering new user, userId=0 ] [32m INFO[0;39m [35m21180[0;39m [2m---[0;39m [2m[nio-8080-exec-2][0;39m [36mcom.revature.services.UserService       [0;39m [2m:[0;39m Successfully registered User
[2m2021-03-04 10:30:03.309[0;39m [  ] [32m INFO[0;39m [35m21180[0;39m [2m---[0;39m [2m[  restartedMain][0;39m [36mcom.revature.Project1Application        [0;39m [2m:[0;39m Starting Project1Application using Java 1.8.0_282 on DESKTOP-7L903T3 with PID 21180 (C:\Users\huske\Documents\210201sre\myDemos\projects\project1\target\classes started by huske in C:\Users\huske\Documents\210201sre\myDemos\projects\project1)
[2m2021-03-04 10:30:03.311[0;39m [  ] [32m INFO[0;39m [35m21180[0;39m [2m---[0;39m [2m[  restartedMain][0;39m [36mcom.revature.Project1Application        [0;39m [2m:[0;39m No active profile set, falling back to default profiles: default
[2m2021-03-04 10:30:06.026[0;39m [  ] [32m INFO[0;39m [35m21180[0;39m [2m---[0;39m [2m[  restartedMain][0;39m [36mcom.revature.Project1Application        [0;39m [2m:[0;39m Started Project1Application in 2.75 seconds (JVM running for 325.159)
[2m2021-03-04 10:30:07.729[0;39m [  ] [32m INFO[0;39m [35m21180[0;39m [2m---[0;39m [2m[  restartedMain][0;39m [36mcom.revature.Project1Application        [0;39m [2m:[0;39m Starting Project1Application using Java 1.8.0_282 on DESKTOP-7L903T3 with PID 21180 (C:\Users\huske\Documents\210201sre\myDemos\projects\project1\target\classes started by huske in C:\Users\huske\Documents\210201sre\myDemos\projects\project1)
[2m2021-03-04 10:30:07.730[0;39m [  ] [32m INFO[0;39m [35m21180[0;39m [2m---[0;39m [2m[  restartedMain][0;39m [36mcom.revature.Project1Application        [0;39m [2m:[0;39m No active profile set, falling back to default profiles: default
[2m2021-03-04 10:30:10.504[0;39m [  ] [32m INFO[0;39m [35m21180[0;39m [2m---[0;39m [2m[  restartedMain][0;39m [36mcom.revature.Project1Application        [0;39m [2m:[0;39m Started Project1Application in 2.804 seconds (JVM running for 329.636)
[2m2021-03-04 10:30:12.328[0;39m [  ] [32m INFO[0;39m [35m21180[0;39m [2m---[0;39m [2m[  restartedMain][0;39m [36mcom.revature.Project1Application        [0;39m [2m:[0;39m Starting Project1Application using Java 1.8.0_282 on DESKTOP-7L903T3 with PID 21180 (C:\Users\huske\Documents\210201sre\myDemos\projects\project1\target\classes started by huske in C:\Users\huske\Documents\210201sre\myDemos\projects\project1)
[2m2021-03-04 10:30:12.329[0;39m [  ] [32m INFO[0;39m [35m21180[0;39m [2m---[0;39m [2m[  restartedMain][0;39m [36mcom.revature.Project1Application        [0;39m [2m:[0;39m No active profile set, falling back to default profiles: default
[2m2021-03-04 10:30:14.792[0;39m [  ] [32m INFO[0;39m [35m21180[0;39m [2m---[0;39m [2m[  restartedMain][0;39m [36mcom.revature.Project1Application        [0;39m [2m:[0;39m Started Project1Application in 2.493 seconds (JVM running for 333.925)
[2m2021-03-04 10:30:17.744[0;39m [  ] [32m INFO[0;39m [35m21180[0;39m [2m---[0;39m [2m[  restartedMain][0;39m [36mcom.revature.Project1Application        [0;39m [2m:[0;39m Starting Project1Application using Java 1.8.0_282 on DESKTOP-7L903T3 with PID 21180 (C:\Users\huske\Documents\210201sre\myDemos\projects\project1\target\classes started by huske in C:\Users\huske\Documents\210201sre\myDemos\projects\project1)
[2m2021-03-04 10:30:17.745[0;39m [  ] [32m INFO[0;39m [35m21180[0;39m [2m---[0;39m [2m[  restartedMain][0;39m [36mcom.revature.Project1Application        [0;39m [2m:[0;39m No active profile set, falling back to default profiles: default
[2m2021-03-04 10:30:20.168[0;39m [  ] [32m INFO[0;39m [35m21180[0;39m [2m---[0;39m [2m[  restartedMain][0;39m [36mcom.revature.Project1Application        [0;39m [2m:[0;39m Started Project1Application in 2.463 seconds (JVM running for 339.3)
[2m2021-03-04 10:30:20.674[0;39m [ event=Registering new user ] [32m INFO[0;39m [35m21180[0;39m [2m---[0;39m [2m[nio-8080-exec-2][0;39m [36mcom.revature.services.UserService       [0;39m [2m:[0;39m Registering new User
[2m2021-03-04 10:30:20.847[0;39m [ event=Registering new user, userId=3 ] [32m INFO[0;39m [35m21180[0;39m [2m---[0;39m [2m[nio-8080-exec-2][0;39m [36mcom.revature.services.UserService       [0;39m [2m:[0;39m Successfully registered User
[2m2021-03-04 10:32:06.173[0;39m [ event=Finding all User entries in the database ] [32m INFO[0;39m [35m21180[0;39m [2m---[0;39m [2m[nio-8080-exec-5][0;39m [36mcom.revature.services.UserService       [0;39m [2m:[0;39m Found list of all Users
[2m2021-03-04 10:33:38.298[0;39m [  ] [32m INFO[0;39m [35m21180[0;39m [2m---[0;39m [2m[  restartedMain][0;39m [36mcom.revature.Project1Application        [0;39m [2m:[0;39m Starting Project1Application using Java 1.8.0_282 on DESKTOP-7L903T3 with PID 21180 (C:\Users\huske\Documents\210201sre\myDemos\projects\project1\target\classes started by huske in C:\Users\huske\Documents\210201sre\myDemos\projects\project1)
[2m2021-03-04 10:33:38.299[0;39m [  ] [32m INFO[0;39m [35m21180[0;39m [2m---[0;39m [2m[  restartedMain][0;39m [36mcom.revature.Project1Application        [0;39m [2m:[0;39m No active profile set, falling back to default profiles: default
[2m2021-03-04 10:33:40.765[0;39m [  ] [32m INFO[0;39m [35m21180[0;39m [2m---[0;39m [2m[  restartedMain][0;39m [36mcom.revature.Project1Application        [0;39m [2m:[0;39m Started Project1Application in 2.511 seconds (JVM running for 539.898)
[2m2021-03-04 10:40:11.013[0;39m [  ] [32m INFO[0;39m [35m21180[0;39m [2m---[0;39m [2m[  restartedMain][0;39m [36mcom.revature.Project1Application        [0;39m [2m:[0;39m Starting Project1Application using Java 1.8.0_282 on DESKTOP-7L903T3 with PID 21180 (C:\Users\huske\Documents\210201sre\myDemos\projects\project1\target\classes started by huske in C:\Users\huske\Documents\210201sre\myDemos\projects\project1)
[2m2021-03-04 10:40:11.014[0;39m [  ] [32m INFO[0;39m [35m21180[0;39m [2m---[0;39m [2m[  restartedMain][0;39m [36mcom.revature.Project1Application        [0;39m [2m:[0;39m No active profile set, falling back to default profiles: default
[2m2021-03-04 10:40:13.529[0;39m [  ] [32m INFO[0;39m [35m21180[0;39m [2m---[0;39m [2m[  restartedMain][0;39m [36mcom.revature.Project1Application        [0;39m [2m:[0;39m Started Project1Application in 2.545 seconds (JVM running for 932.661)
[2m2021-03-04 10:40:27.216[0;39m [  ] [32m INFO[0;39m [35m21180[0;39m [2m---[0;39m [2m[  restartedMain][0;39m [36mcom.revature.Project1Application        [0;39m [2m:[0;39m Starting Project1Application using Java 1.8.0_282 on DESKTOP-7L903T3 with PID 21180 (C:\Users\huske\Documents\210201sre\myDemos\projects\project1\target\classes started by huske in C:\Users\huske\Documents\210201sre\myDemos\projects\project1)
[2m2021-03-04 10:40:27.217[0;39m [  ] [32m INFO[0;39m [35m21180[0;39m [2m---[0;39m [2m[  restartedMain][0;39m [36mcom.revature.Project1Application        [0;39m [2m:[0;39m No active profile set, falling back to default profiles: default
[2m2021-03-04 10:40:29.550[0;39m [  ] [32m INFO[0;39m [35m21180[0;39m [2m---[0;39m [2m[  restartedMain][0;39m [36mcom.revature.Project1Application        [0;39m [2m:[0;39m Started Project1Application in 2.364 seconds (JVM running for 948.682)
[2m2021-03-04 10:41:21.609[0;39m [  ] [32m INFO[0;39m [35m21180[0;39m [2m---[0;39m [2m[  restartedMain][0;39m [36mcom.revature.Project1Application        [0;39m [2m:[0;39m Starting Project1Application using Java 1.8.0_282 on DESKTOP-7L903T3 with PID 21180 (C:\Users\huske\Documents\210201sre\myDemos\projects\project1\target\classes started by huske in C:\Users\huske\Documents\210201sre\myDemos\projects\project1)
[2m2021-03-04 10:41:21.611[0;39m [  ] [32m INFO[0;39m [35m21180[0;39m [2m---[0;39m [2m[  restartedMain][0;39m [36mcom.revature.Project1Application        [0;39m [2m:[0;39m No active profile set, falling back to default profiles: default
[2m2021-03-04 10:41:24.159[0;39m [  ] [32m INFO[0;39m [35m21180[0;39m [2m---[0;39m [2m[  restartedMain][0;39m [36mcom.revature.Project1Application        [0;39m [2m:[0;39m Started Project1Application in 2.578 seconds (JVM running for 1003.292)
[2m2021-03-04 10:41:35.005[0;39m [ event=Found user with userID3 ] [32m INFO[0;39m [35m21180[0;39m [2m---[0;39m [2m[nio-8080-exec-2][0;39m [36mcom.revature.services.UserService       [0;39m [2m:[0;39m Found list of all Users
[2m2021-03-04 10:42:07.104[0;39m [  ] [32m INFO[0;39m [35m21180[0;39m [2m---[0;39m [2m[  restartedMain][0;39m [36mcom.revature.Project1Application        [0;39m [2m:[0;39m Starting Project1Application using Java 1.8.0_282 on DESKTOP-7L903T3 with PID 21180 (C:\Users\huske\Documents\210201sre\myDemos\projects\project1\target\classes started by huske in C:\Users\huske\Documents\210201sre\myDemos\projects\project1)
[2m2021-03-04 10:42:07.105[0;39m [  ] [32m INFO[0;39m [35m21180[0;39m [2m---[0;39m [2m[  restartedMain][0;39m [36mcom.revature.Project1Application        [0;39m [2m:[0;39m No active profile set, falling back to default profiles: default
[2m2021-03-04 10:42:09.814[0;39m [  ] [32m INFO[0;39m [35m21180[0;39m [2m---[0;39m [2m[  restartedMain][0;39m [36mcom.revature.Project1Application        [0;39m [2m:[0;39m Started Project1Application in 2.738 seconds (JVM running for 1048.946)
[2m2021-03-04 10:42:11.588[0;39m [  ] [32m INFO[0;39m [35m21180[0;39m [2m---[0;39m [2m[  restartedMain][0;39m [36mcom.revature.Project1Application        [0;39m [2m:[0;39m Starting Project1Application using Java 1.8.0_282 on DESKTOP-7L903T3 with PID 21180 (C:\Users\huske\Documents\210201sre\myDemos\projects\project1\target\classes started by huske in C:\Users\huske\Documents\210201sre\myDemos\projects\project1)
[2m2021-03-04 10:42:11.588[0;39m [  ] [32m INFO[0;39m [35m21180[0;39m [2m---[0;39m [2m[  restartedMain][0;39m [36mcom.revature.Project1Application        [0;39m [2m:[0;39m No active profile set, falling back to default profiles: default
[2m2021-03-04 10:42:14.198[0;39m [  ] [32m INFO[0;39m [35m21180[0;39m [2m---[0;39m [2m[  restartedMain][0;39m [36mcom.revature.Project1Application        [0;39m [2m:[0;39m Started Project1Application in 2.636 seconds (JVM running for 1053.33)
[2m2021-03-04 10:42:16.116[0;39m [  ] [32m INFO[0;39m [35m21180[0;39m [2m---[0;39m [2m[  restartedMain][0;39m [36mcom.revature.Project1Application        [0;39m [2m:[0;39m Starting Project1Application using Java 1.8.0_282 on DESKTOP-7L903T3 with PID 21180 (C:\Users\huske\Documents\210201sre\myDemos\projects\project1\target\classes started by huske in C:\Users\huske\Documents\210201sre\myDemos\projects\project1)
[2m2021-03-04 10:42:16.117[0;39m [  ] [32m INFO[0;39m [35m21180[0;39m [2m---[0;39m [2m[  restartedMain][0;39m [36mcom.revature.Project1Application        [0;39m [2m:[0;39m No active profile set, falling back to default profiles: default
[2m2021-03-04 10:42:18.530[0;39m [  ] [32m INFO[0;39m [35m21180[0;39m [2m---[0;39m [2m[  restartedMain][0;39m [36mcom.revature.Project1Application        [0;39m [2m:[0;39m Started Project1Application in 2.445 seconds (JVM running for 1057.662)
[2m2021-03-04 10:42:20.114[0;39m [ event=Finding all User entries in the database ] [32m INFO[0;39m [35m21180[0;39m [2m---[0;39m [2m[nio-8080-exec-1][0;39m [36mcom.revature.services.UserService       [0;39m [2m:[0;39m Found user with userID1
[2m2021-03-04 10:42:20.115[0;39m [ event=Finding all User entries in the database ] [32m INFO[0;39m [35m21180[0;39m [2m---[0;39m [2m[nio-8080-exec-1][0;39m [36mcom.revature.services.UserService       [0;39m [2m:[0;39m Found user with userID2
[2m2021-03-04 10:42:20.115[0;39m [ event=Finding all User entries in the database ] [32m INFO[0;39m [35m21180[0;39m [2m---[0;39m [2m[nio-8080-exec-1][0;39m [36mcom.revature.services.UserService       [0;39m [2m:[0;39m Found user with userID3
[2m2021-03-04 10:42:20.115[0;39m [ event=Finding all User entries in the database ] [32m INFO[0;39m [35m21180[0;39m [2m---[0;39m [2m[nio-8080-exec-1][0;39m [36mcom.revature.services.UserService       [0;39m [2m:[0;39m Found list of all Users
[2m2021-03-04 10:42:36.301[0;39m [  ] [32m INFO[0;39m [35m21180[0;39m [2m---[0;39m [2m[  restartedMain][0;39m [36mcom.revature.Project1Application        [0;39m [2m:[0;39m Starting Project1Application using Java 1.8.0_282 on DESKTOP-7L903T3 with PID 21180 (C:\Users\huske\Documents\210201sre\myDemos\projects\project1\target\classes started by huske in C:\Users\huske\Documents\210201sre\myDemos\projects\project1)
[2m2021-03-04 10:42:36.303[0;39m [  ] [32m INFO[0;39m [35m21180[0;39m [2m---[0;39m [2m[  restartedMain][0;39m [36mcom.revature.Project1Application        [0;39m [2m:[0;39m No active profile set, falling back to default profiles: default
[2m2021-03-04 10:42:38.518[0;39m [  ] [32m INFO[0;39m [35m21180[0;39m [2m---[0;39m [2m[  restartedMain][0;39m [36mcom.revature.Project1Application        [0;39m [2m:[0;39m Started Project1Application in 2.248 seconds (JVM running for 1077.651)
[2m2021-03-04 10:42:40.637[0;39m [  ] [32m INFO[0;39m [35m21180[0;39m [2m---[0;39m [2m[  restartedMain][0;39m [36mcom.revature.Project1Application        [0;39m [2m:[0;39m Starting Project1Application using Java 1.8.0_282 on DESKTOP-7L903T3 with PID 21180 (C:\Users\huske\Documents\210201sre\myDemos\projects\project1\target\classes started by huske in C:\Users\huske\Documents\210201sre\myDemos\projects\project1)
[2m2021-03-04 10:42:40.639[0;39m [  ] [32m INFO[0;39m [35m21180[0;39m [2m---[0;39m [2m[  restartedMain][0;39m [36mcom.revature.Project1Application        [0;39m [2m:[0;39m No active profile set, falling back to default profiles: default
[2m2021-03-04 10:42:42.958[0;39m [  ] [32m INFO[0;39m [35m21180[0;39m [2m---[0;39m [2m[  restartedMain][0;39m [36mcom.revature.Project1Application        [0;39m [2m:[0;39m Started Project1Application in 2.349 seconds (JVM running for 1082.09)
[2m2021-03-04 10:43:03.020[0;39m [  ] [32m INFO[0;39m [35m21180[0;39m [2m---[0;39m [2m[  restartedMain][0;39m [36mcom.revature.Project1Application        [0;39m [2m:[0;39m Starting Project1Application using Java 1.8.0_282 on DESKTOP-7L903T3 with PID 21180 (C:\Users\huske\Documents\210201sre\myDemos\projects\project1\target\classes started by huske in C:\Users\huske\Documents\210201sre\myDemos\projects\project1)
[2m2021-03-04 10:43:03.021[0;39m [  ] [32m INFO[0;39m [35m21180[0;39m [2m---[0;39m [2m[  restartedMain][0;39m [36mcom.revature.Project1Application        [0;39m [2m:[0;39m No active profile set, falling back to default profiles: default
[2m2021-03-04 10:43:05.522[0;39m [  ] [32m INFO[0;39m [35m21180[0;39m [2m---[0;39m [2m[  restartedMain][0;39m [36mcom.revature.Project1Application        [0;39m [2m:[0;39m Started Project1Application in 2.537 seconds (JVM running for 1104.653)
[2m2021-03-04 10:43:07.275[0;39m [  ] [32m INFO[0;39m [35m21180[0;39m [2m---[0;39m [2m[  restartedMain][0;39m [36mcom.revature.Project1Application        [0;39m [2m:[0;39m Starting Project1Application using Java 1.8.0_282 on DESKTOP-7L903T3 with PID 21180 (C:\Users\huske\Documents\210201sre\myDemos\projects\project1\target\classes started by huske in C:\Users\huske\Documents\210201sre\myDemos\projects\project1)
[2m2021-03-04 10:43:07.276[0;39m [  ] [32m INFO[0;39m [35m21180[0;39m [2m---[0;39m [2m[  restartedMain][0;39m [36mcom.revature.Project1Application        [0;39m [2m:[0;39m No active profile set, falling back to default profiles: default
[2m2021-03-04 10:43:09.499[0;39m [  ] [32m INFO[0;39m [35m21180[0;39m [2m---[0;39m [2m[  restartedMain][0;39m [36mcom.revature.Project1Application        [0;39m [2m:[0;39m Started Project1Application in 2.249 seconds (JVM running for 1108.631)
[2m2021-03-04 10:43:13.276[0;39m [  ] [32m INFO[0;39m [35m21180[0;39m [2m---[0;39m [2m[  restartedMain][0;39m [36mcom.revature.Project1Application        [0;39m [2m:[0;39m Starting Project1Application using Java 1.8.0_282 on DESKTOP-7L903T3 with PID 21180 (C:\Users\huske\Documents\210201sre\myDemos\projects\project1\target\classes started by huske in C:\Users\huske\Documents\210201sre\myDemos\projects\project1)
[2m2021-03-04 10:43:13.278[0;39m [  ] [32m INFO[0;39m [35m21180[0;39m [2m---[0;39m [2m[  restartedMain][0;39m [36mcom.revature.Project1Application        [0;39m [2m:[0;39m No active profile set, falling back to default profiles: default
[2m2021-03-04 10:43:16.108[0;39m [  ] [32m INFO[0;39m [35m21180[0;39m [2m---[0;39m [2m[  restartedMain][0;39m [36mcom.revature.Project1Application        [0;39m [2m:[0;39m Started Project1Application in 2.862 seconds (JVM running for 1115.24)
[2m2021-03-04 10:43:18.284[0;39m [  ] [32m INFO[0;39m [35m21180[0;39m [2m---[0;39m [2m[  restartedMain][0;39m [36mcom.revature.Project1Application        [0;39m [2m:[0;39m Starting Project1Application using Java 1.8.0_282 on DESKTOP-7L903T3 with PID 21180 (C:\Users\huske\Documents\210201sre\myDemos\projects\project1\target\classes started by huske in C:\Users\huske\Documents\210201sre\myDemos\projects\project1)
[2m2021-03-04 10:43:18.285[0;39m [  ] [32m INFO[0;39m [35m21180[0;39m [2m---[0;39m [2m[  restartedMain][0;39m [36mcom.revature.Project1Application        [0;39m [2m:[0;39m No active profile set, falling back to default profiles: default
[2m2021-03-04 10:43:20.588[0;39m [  ] [32m INFO[0;39m [35m21180[0;39m [2m---[0;39m [2m[  restartedMain][0;39m [36mcom.revature.Project1Application        [0;39m [2m:[0;39m Started Project1Application in 2.329 seconds (JVM running for 1119.72)
[2m2021-03-04 10:43:29.518[0;39m [  ] [32m INFO[0;39m [35m21180[0;39m [2m---[0;39m [2m[  restartedMain][0;39m [36mcom.revature.Project1Application        [0;39m [2m:[0;39m Starting Project1Application using Java 1.8.0_282 on DESKTOP-7L903T3 with PID 21180 (C:\Users\huske\Documents\210201sre\myDemos\projects\project1\target\classes started by huske in C:\Users\huske\Documents\210201sre\myDemos\projects\project1)
[2m2021-03-04 10:43:29.519[0;39m [  ] [32m INFO[0;39m [35m21180[0;39m [2m---[0;39m [2m[  restartedMain][0;39m [36mcom.revature.Project1Application        [0;39m [2m:[0;39m No active profile set, falling back to default profiles: default
[2m2021-03-04 10:43:31.764[0;39m [  ] [32m INFO[0;39m [35m21180[0;39m [2m---[0;39m [2m[  restartedMain][0;39m [36mcom.revature.Project1Application        [0;39m [2m:[0;39m Started Project1Application in 2.273 seconds (JVM running for 1130.896)
[2m2021-03-04 10:43:33.677[0;39m [  ] [32m INFO[0;39m [35m21180[0;39m [2m---[0;39m [2m[  restartedMain][0;39m [36mcom.revature.Project1Application        [0;39m [2m:[0;39m Starting Project1Application using Java 1.8.0_282 on DESKTOP-7L903T3 with PID 21180 (C:\Users\huske\Documents\210201sre\myDemos\projects\project1\target\classes started by huske in C:\Users\huske\Documents\210201sre\myDemos\projects\project1)
[2m2021-03-04 10:43:33.678[0;39m [  ] [32m INFO[0;39m [35m21180[0;39m [2m---[0;39m [2m[  restartedMain][0;39m [36mcom.revature.Project1Application        [0;39m [2m:[0;39m No active profile set, falling back to default profiles: default
[2m2021-03-04 10:43:36.120[0;39m [  ] [32m INFO[0;39m [35m21180[0;39m [2m---[0;39m [2m[  restartedMain][0;39m [36mcom.revature.Project1Application        [0;39m [2m:[0;39m Started Project1Application in 2.469 seconds (JVM running for 1135.252)
[2m2021-03-04 10:43:38.646[0;39m [  ] [32m INFO[0;39m [35m21180[0;39m [2m---[0;39m [2m[  restartedMain][0;39m [36mcom.revature.Project1Application        [0;39m [2m:[0;39m Starting Project1Application using Java 1.8.0_282 on DESKTOP-7L903T3 with PID 21180 (C:\Users\huske\Documents\210201sre\myDemos\projects\project1\target\classes started by huske in C:\Users\huske\Documents\210201sre\myDemos\projects\project1)
[2m2021-03-04 10:43:38.646[0;39m [  ] [32m INFO[0;39m [35m21180[0;39m [2m---[0;39m [2m[  restartedMain][0;39m [36mcom.revature.Project1Application        [0;39m [2m:[0;39m No active profile set, falling back to default profiles: default
[2m2021-03-04 10:43:41.294[0;39m [  ] [32m INFO[0;39m [35m21180[0;39m [2m---[0;39m [2m[  restartedMain][0;39m [36mcom.revature.Project1Application        [0;39m [2m:[0;39m Started Project1Application in 2.699 seconds (JVM running for 1140.426)
[2m2021-03-04 10:43:43.253[0;39m [  ] [32m INFO[0;39m [35m21180[0;39m [2m---[0;39m [2m[  restartedMain][0;39m [36mcom.revature.Project1Application        [0;39m [2m:[0;39m Starting Project1Application using Java 1.8.0_282 on DESKTOP-7L903T3 with PID 21180 (C:\Users\huske\Documents\210201sre\myDemos\projects\project1\target\classes started by huske in C:\Users\huske\Documents\210201sre\myDemos\projects\project1)
[2m2021-03-04 10:43:43.254[0;39m [  ] [32m INFO[0;39m [35m21180[0;39m [2m---[0;39m [2m[  restartedMain][0;39m [36mcom.revature.Project1Application        [0;39m [2m:[0;39m No active profile set, falling back to default profiles: default
[2m2021-03-04 10:43:45.841[0;39m [  ] [32m INFO[0;39m [35m21180[0;39m [2m---[0;39m [2m[  restartedMain][0;39m [36mcom.revature.Project1Application        [0;39m [2m:[0;39m Started Project1Application in 2.615 seconds (JVM running for 1144.973)
[2m2021-03-04 10:44:03.652[0;39m [  ] [32m INFO[0;39m [35m21180[0;39m [2m---[0;39m [2m[  restartedMain][0;39m [36mcom.revature.Project1Application        [0;39m [2m:[0;39m Starting Project1Application using Java 1.8.0_282 on DESKTOP-7L903T3 with PID 21180 (C:\Users\huske\Documents\210201sre\myDemos\projects\project1\target\classes started by huske in C:\Users\huske\Documents\210201sre\myDemos\projects\project1)
[2m2021-03-04 10:44:03.653[0;39m [  ] [32m INFO[0;39m [35m21180[0;39m [2m---[0;39m [2m[  restartedMain][0;39m [36mcom.revature.Project1Application        [0;39m [2m:[0;39m No active profile set, falling back to default profiles: default
[2m2021-03-04 10:44:05.930[0;39m [  ] [32m INFO[0;39m [35m21180[0;39m [2m---[0;39m [2m[  restartedMain][0;39m [36mcom.revature.Project1Application        [0;39m [2m:[0;39m Started Project1Application in 2.305 seconds (JVM running for 1165.062)
[2m2021-03-04 10:44:14.796[0;39m [  ] [32m INFO[0;39m [35m21180[0;39m [2m---[0;39m [2m[  restartedMain][0;39m [36mcom.revature.Project1Application        [0;39m [2m:[0;39m Starting Project1Application using Java 1.8.0_282 on DESKTOP-7L903T3 with PID 21180 (C:\Users\huske\Documents\210201sre\myDemos\projects\project1\target\classes started by huske in C:\Users\huske\Documents\210201sre\myDemos\projects\project1)
[2m2021-03-04 10:44:14.797[0;39m [  ] [32m INFO[0;39m [35m21180[0;39m [2m---[0;39m [2m[  restartedMain][0;39m [36mcom.revature.Project1Application        [0;39m [2m:[0;39m No active profile set, falling back to default profiles: default
[2m2021-03-04 10:44:17.567[0;39m [  ] [32m INFO[0;39m [35m21180[0;39m [2m---[0;39m [2m[  restartedMain][0;39m [36mcom.revature.Project1Application        [0;39m [2m:[0;39m Started Project1Application in 2.802 seconds (JVM running for 1176.699)
[2m2021-03-04 10:44:19.543[0;39m [  ] [32m INFO[0;39m [35m21180[0;39m [2m---[0;39m [2m[  restartedMain][0;39m [36mcom.revature.Project1Application        [0;39m [2m:[0;39m Starting Project1Application using Java 1.8.0_282 on DESKTOP-7L903T3 with PID 21180 (C:\Users\huske\Documents\210201sre\myDemos\projects\project1\target\classes started by huske in C:\Users\huske\Documents\210201sre\myDemos\projects\project1)
[2m2021-03-04 10:44:19.548[0;39m [  ] [32m INFO[0;39m [35m21180[0;39m [2m---[0;39m [2m[  restartedMain][0;39m [36mcom.revature.Project1Application        [0;39m [2m:[0;39m No active profile set, falling back to default profiles: default
[2m2021-03-04 10:44:22.042[0;39m [  ] [32m INFO[0;39m [35m21180[0;39m [2m---[0;39m [2m[  restartedMain][0;39m [36mcom.revature.Project1Application        [0;39m [2m:[0;39m Started Project1Application in 2.541 seconds (JVM running for 1181.175)
[2m2021-03-04 10:44:23.964[0;39m [  ] [32m INFO[0;39m [35m21180[0;39m [2m---[0;39m [2m[  restartedMain][0;39m [36mcom.revature.Project1Application        [0;39m [2m:[0;39m Starting Project1Application using Java 1.8.0_282 on DESKTOP-7L903T3 with PID 21180 (C:\Users\huske\Documents\210201sre\myDemos\projects\project1\target\classes started by huske in C:\Users\huske\Documents\210201sre\myDemos\projects\project1)
[2m2021-03-04 10:44:23.965[0;39m [  ] [32m INFO[0;39m [35m21180[0;39m [2m---[0;39m [2m[  restartedMain][0;39m [36mcom.revature.Project1Application        [0;39m [2m:[0;39m No active profile set, falling back to default profiles: default
[2m2021-03-04 10:44:26.282[0;39m [  ] [32m INFO[0;39m [35m21180[0;39m [2m---[0;39m [2m[  restartedMain][0;39m [36mcom.revature.Project1Application        [0;39m [2m:[0;39m Started Project1Application in 2.342 seconds (JVM running for 1185.414)
[2m2021-03-04 10:44:28.350[0;39m [  ] [32m INFO[0;39m [35m21180[0;39m [2m---[0;39m [2m[  restartedMain][0;39m [36mcom.revature.Project1Application        [0;39m [2m:[0;39m Starting Project1Application using Java 1.8.0_282 on DESKTOP-7L903T3 with PID 21180 (C:\Users\huske\Documents\210201sre\myDemos\projects\project1\target\classes started by huske in C:\Users\huske\Documents\210201sre\myDemos\projects\project1)
[2m2021-03-04 10:44:28.351[0;39m [  ] [32m INFO[0;39m [35m21180[0;39m [2m---[0;39m [2m[  restartedMain][0;39m [36mcom.revature.Project1Application        [0;39m [2m:[0;39m No active profile set, falling back to default profiles: default
[2m2021-03-04 10:44:30.495[0;39m [  ] [32m INFO[0;39m [35m21180[0;39m [2m---[0;39m [2m[  restartedMain][0;39m [36mcom.revature.Project1Application        [0;39m [2m:[0;39m Started Project1Application in 2.169 seconds (JVM running for 1189.628)
[2m2021-03-04 10:45:38.862[0;39m [  ] [32m INFO[0;39m [35m21180[0;39m [2m---[0;39m [2m[  restartedMain][0;39m [36mcom.revature.Project1Application        [0;39m [2m:[0;39m Starting Project1Application using Java 1.8.0_282 on DESKTOP-7L903T3 with PID 21180 (C:\Users\huske\Documents\210201sre\myDemos\projects\project1\target\classes started by huske in C:\Users\huske\Documents\210201sre\myDemos\projects\project1)
[2m2021-03-04 10:45:38.864[0;39m [  ] [32m INFO[0;39m [35m21180[0;39m [2m---[0;39m [2m[  restartedMain][0;39m [36mcom.revature.Project1Application        [0;39m [2m:[0;39m No active profile set, falling back to default profiles: default
[2m2021-03-04 10:45:41.474[0;39m [  ] [32m INFO[0;39m [35m21180[0;39m [2m---[0;39m [2m[  restartedMain][0;39m [36mcom.revature.Project1Application        [0;39m [2m:[0;39m Started Project1Application in 2.642 seconds (JVM running for 1260.606)
[2m2021-03-04 10:57:42.775[0;39m [ event=Finding all User entries in the database ] [32m INFO[0;39m [35m21180[0;39m [2m---[0;39m [2m[nio-8080-exec-2][0;39m [36mcom.revature.services.UserService       [0;39m [2m:[0;39m Found user with userID1
[2m2021-03-04 10:57:42.776[0;39m [ event=Finding all User entries in the database ] [32m INFO[0;39m [35m21180[0;39m [2m---[0;39m [2m[nio-8080-exec-2][0;39m [36mcom.revature.services.UserService       [0;39m [2m:[0;39m Found user with userID2
[2m2021-03-04 10:57:42.776[0;39m [ event=Finding all User entries in the database ] [32m INFO[0;39m [35m21180[0;39m [2m---[0;39m [2m[nio-8080-exec-2][0;39m [36mcom.revature.services.UserService       [0;39m [2m:[0;39m Found user with userID3
[2m2021-03-04 10:57:42.776[0;39m [ event=Finding all User entries in the database ] [32m INFO[0;39m [35m21180[0;39m [2m---[0;39m [2m[nio-8080-exec-2][0;39m [36mcom.revature.services.UserService       [0;39m [2m:[0;39m All users successfully found
[2m2021-03-04 10:57:52.034[0;39m [ event=Finding single User in database with ID 3 ] [32m INFO[0;39m [35m21180[0;39m [2m---[0;39m [2m[nio-8080-exec-3][0;39m [36mcom.revature.services.UserService       [0;39m [2m:[0;39m Successfully found User with ID = 3
[2m2021-03-04 11:03:35.266[0;39m [  ] [32m INFO[0;39m [35m21180[0;39m [2m---[0;39m [2m[  restartedMain][0;39m [36mcom.revature.Project1Application        [0;39m [2m:[0;39m Starting Project1Application using Java 1.8.0_282 on DESKTOP-7L903T3 with PID 21180 (C:\Users\huske\Documents\210201sre\myDemos\projects\project1\target\classes started by huske in C:\Users\huske\Documents\210201sre\myDemos\projects\project1)
[2m2021-03-04 11:03:35.267[0;39m [  ] [32m INFO[0;39m [35m21180[0;39m [2m---[0;39m [2m[  restartedMain][0;39m [36mcom.revature.Project1Application        [0;39m [2m:[0;39m No active profile set, falling back to default profiles: default
[2m2021-03-04 11:03:37.814[0;39m [  ] [32m INFO[0;39m [35m21180[0;39m [2m---[0;39m [2m[  restartedMain][0;39m [36mcom.revature.Project1Application        [0;39m [2m:[0;39m Started Project1Application in 2.577 seconds (JVM running for 2336.946)
[2m2021-03-04 11:04:06.944[0;39m [  ] [32m INFO[0;39m [35m21180[0;39m [2m---[0;39m [2m[  restartedMain][0;39m [36mcom.revature.Project1Application        [0;39m [2m:[0;39m Starting Project1Application using Java 1.8.0_282 on DESKTOP-7L903T3 with PID 21180 (C:\Users\huske\Documents\210201sre\myDemos\projects\project1\target\classes started by huske in C:\Users\huske\Documents\210201sre\myDemos\projects\project1)
[2m2021-03-04 11:04:06.945[0;39m [  ] [32m INFO[0;39m [35m21180[0;39m [2m---[0;39m [2m[  restartedMain][0;39m [36mcom.revature.Project1Application        [0;39m [2m:[0;39m No active profile set, falling back to default profiles: default
[2m2021-03-04 11:04:09.415[0;39m [  ] [32m INFO[0;39m [35m21180[0;39m [2m---[0;39m [2m[  restartedMain][0;39m [36mcom.revature.Project1Application        [0;39m [2m:[0;39m Started Project1Application in 2.509 seconds (JVM running for 2368.547)
[2m2021-03-04 11:30:31.207[0;39m [  ] [32m INFO[0;39m [35m21180[0;39m [2m---[0;39m [2m[  restartedMain][0;39m [36mcom.revature.Project1Application        [0;39m [2m:[0;39m Starting Project1Application using Java 1.8.0_282 on DESKTOP-7L903T3 with PID 21180 (C:\Users\huske\Documents\210201sre\myDemos\projects\project1\target\classes started by huske in C:\Users\huske\Documents\210201sre\myDemos\projects\project1)
[2m2021-03-04 11:30:31.208[0;39m [  ] [32m INFO[0;39m [35m21180[0;39m [2m---[0;39m [2m[  restartedMain][0;39m [36mcom.revature.Project1Application        [0;39m [2m:[0;39m No active profile set, falling back to default profiles: default
[2m2021-03-04 11:30:33.759[0;39m [  ] [32m INFO[0;39m [35m21180[0;39m [2m---[0;39m [2m[  restartedMain][0;39m [36mcom.revature.Project1Application        [0;39m [2m:[0;39m Started Project1Application in 2.585 seconds (JVM running for 3952.892)
[2m2021-03-04 11:30:42.321[0;39m [ event=Adding new Item ] [32m INFO[0;39m [35m21180[0;39m [2m---[0;39m [2m[nio-8080-exec-2][0;39m [36mcom.revature.services.ItemService       [0;39m [2m:[0;39m Adding new item
[2m2021-03-04 11:30:42.488[0;39m [ event=Adding new Item, itemId=Item ID = 1 ] [32m INFO[0;39m [35m21180[0;39m [2m---[0;39m [2m[nio-8080-exec-2][0;39m [36mcom.revature.services.ItemService       [0;39m [2m:[0;39m Successfully added new item
[2m2021-03-04 11:31:12.062[0;39m [  ] [32m INFO[0;39m [35m21180[0;39m [2m---[0;39m [2m[  restartedMain][0;39m [36mcom.revature.Project1Application        [0;39m [2m:[0;39m Starting Project1Application using Java 1.8.0_282 on DESKTOP-7L903T3 with PID 21180 (C:\Users\huske\Documents\210201sre\myDemos\projects\project1\target\classes started by huske in C:\Users\huske\Documents\210201sre\myDemos\projects\project1)
[2m2021-03-04 11:31:12.064[0;39m [  ] [32m INFO[0;39m [35m21180[0;39m [2m---[0;39m [2m[  restartedMain][0;39m [36mcom.revature.Project1Application        [0;39m [2m:[0;39m No active profile set, falling back to default profiles: default
[2m2021-03-04 11:31:14.852[0;39m [  ] [32m INFO[0;39m [35m21180[0;39m [2m---[0;39m [2m[  restartedMain][0;39m [36mcom.revature.Project1Application        [0;39m [2m:[0;39m Started Project1Application in 2.827 seconds (JVM running for 3993.985)
[2m2021-03-04 11:31:15.063[0;39m [ event=Adding new Item ] [32m INFO[0;39m [35m21180[0;39m [2m---[0;39m [2m[nio-8080-exec-3][0;39m [36mcom.revature.services.ItemService       [0;39m [2m:[0;39m Adding new item
[2m2021-03-04 11:31:15.236[0;39m [ event=Adding new Item, itemId=Item ID = 2 ] [32m INFO[0;39m [35m21180[0;39m [2m---[0;39m [2m[nio-8080-exec-3][0;39m [36mcom.revature.services.ItemService       [0;39m [2m:[0;39m Successfully added new item
[2m2021-03-04 11:31:32.042[0;39m [  ] [32m INFO[0;39m [35m21180[0;39m [2m---[0;39m [2m[  restartedMain][0;39m [36mcom.revature.Project1Application        [0;39m [2m:[0;39m Starting Project1Application using Java 1.8.0_282 on DESKTOP-7L903T3 with PID 21180 (C:\Users\huske\Documents\210201sre\myDemos\projects\project1\target\classes started by huske in C:\Users\huske\Documents\210201sre\myDemos\projects\project1)
[2m2021-03-04 11:31:32.042[0;39m [  ] [32m INFO[0;39m [35m21180[0;39m [2m---[0;39m [2m[  restartedMain][0;39m [36mcom.revature.Project1Application        [0;39m [2m:[0;39m No active profile set, falling back to default profiles: default
[2m2021-03-04 11:31:34.428[0;39m [  ] [32m INFO[0;39m [35m21180[0;39m [2m---[0;39m [2m[  restartedMain][0;39m [36mcom.revature.Project1Application        [0;39m [2m:[0;39m Started Project1Application in 2.418 seconds (JVM running for 4013.56)
[2m2021-03-04 11:31:36.275[0;39m [ event=Adding new Item ] [32m INFO[0;39m [35m21180[0;39m [2m---[0;39m [2m[nio-8080-exec-2][0;39m [36mcom.revature.services.ItemService       [0;39m [2m:[0;39m Adding new item
[2m2021-03-04 11:31:36.429[0;39m [ event=Adding new Item, itemId=Item ID = 3 ] [32m INFO[0;39m [35m21180[0;39m [2m---[0;39m [2m[nio-8080-exec-2][0;39m [36mcom.revature.services.ItemService       [0;39m [2m:[0;39m Successfully added new item
[2m2021-03-04 11:31:36.534[0;39m [ event=Adding new Item, itemId=Item ID = 3 ] [32m INFO[0;39m [35m21180[0;39m [2m---[0;39m [2m[nio-8080-exec-2][0;39m [36mcom.revature.services.ItemService       [0;39m [2m:[0;39m Transaction amount = Ledger(transactionID=3, item=Item(itemID=3, itemName=Steak, itemType=Meat, storeBuyPrice=3.99, sellPrice=12.99, quantity=10, timeAdded=2021-03-04T11:31:36.276), user=User(userID=1, name=null, role=null), transactionQuantity=10, transactionTotal=-129.90, transactionTime=2021-03-04T11:31:36.276)
[2m2021-03-04 11:32:07.651[0;39m [  ] [32m INFO[0;39m [35m21180[0;39m [2m---[0;39m [2m[  restartedMain][0;39m [36mcom.revature.Project1Application        [0;39m [2m:[0;39m Starting Project1Application using Java 1.8.0_282 on DESKTOP-7L903T3 with PID 21180 (C:\Users\huske\Documents\210201sre\myDemos\projects\project1\target\classes started by huske in C:\Users\huske\Documents\210201sre\myDemos\projects\project1)
[2m2021-03-04 11:32:07.654[0;39m [  ] [32m INFO[0;39m [35m21180[0;39m [2m---[0;39m [2m[  restartedMain][0;39m [36mcom.revature.Project1Application        [0;39m [2m:[0;39m No active profile set, falling back to default profiles: default
[2m2021-03-04 11:32:10.629[0;39m [  ] [32m INFO[0;39m [35m21180[0;39m [2m---[0;39m [2m[  restartedMain][0;39m [36mcom.revature.Project1Application        [0;39m [2m:[0;39m Started Project1Application in 3.005 seconds (JVM running for 4049.761)
[2m2021-03-04 11:32:12.190[0;39m [ event=Adding new Item ] [32m INFO[0;39m [35m21180[0;39m [2m---[0;39m [2m[nio-8080-exec-2][0;39m [36mcom.revature.services.ItemService       [0;39m [2m:[0;39m Adding new item
[2m2021-03-04 11:32:12.354[0;39m [ event=Adding new Item, itemId=Item ID = 4 ] [32m INFO[0;39m [35m21180[0;39m [2m---[0;39m [2m[nio-8080-exec-2][0;39m [36mcom.revature.services.ItemService       [0;39m [2m:[0;39m Successfully added new item
[2m2021-03-04 11:32:39.660[0;39m [  ] [32m INFO[0;39m [35m21180[0;39m [2m---[0;39m [2m[  restartedMain][0;39m [36mcom.revature.Project1Application        [0;39m [2m:[0;39m Starting Project1Application using Java 1.8.0_282 on DESKTOP-7L903T3 with PID 21180 (C:\Users\huske\Documents\210201sre\myDemos\projects\project1\target\classes started by huske in C:\Users\huske\Documents\210201sre\myDemos\projects\project1)
[2m2021-03-04 11:32:39.662[0;39m [  ] [32m INFO[0;39m [35m21180[0;39m [2m---[0;39m [2m[  restartedMain][0;39m [36mcom.revature.Project1Application        [0;39m [2m:[0;39m No active profile set, falling back to default profiles: default
[2m2021-03-04 11:32:42.886[0;39m [  ] [32m INFO[0;39m [35m21180[0;39m [2m---[0;39m [2m[  restartedMain][0;39m [36mcom.revature.Project1Application        [0;39m [2m:[0;39m Started Project1Application in 3.267 seconds (JVM running for 4082.018)
[2m2021-03-04 11:32:49.768[0;39m [  ] [32m INFO[0;39m [35m304[0;39m [2m---[0;39m [2m[  restartedMain][0;39m [36mcom.revature.Project1Application        [0;39m [2m:[0;39m Starting Project1Application using Java 1.8.0_282 on DESKTOP-7L903T3 with PID 304 (C:\Users\huske\Documents\210201sre\myDemos\projects\project1\target\classes started by huske in C:\Users\huske\Documents\210201sre\myDemos\projects\project1)
[2m2021-03-04 11:32:49.783[0;39m [  ] [32m INFO[0;39m [35m304[0;39m [2m---[0;39m [2m[  restartedMain][0;39m [36mcom.revature.Project1Application        [0;39m [2m:[0;39m No active profile set, falling back to default profiles: default
[2m2021-03-04 11:32:58.053[0;39m [  ] [32m INFO[0;39m [35m304[0;39m [2m---[0;39m [2m[  restartedMain][0;39m [36mcom.revature.Project1Application        [0;39m [2m:[0;39m Started Project1Application in 8.754 seconds (JVM running for 9.878)
[2m2021-03-04 11:33:06.341[0;39m [ event=Adding new Item ] [32m INFO[0;39m [35m304[0;39m [2m---[0;39m [2m[nio-8080-exec-1][0;39m [36mcom.revature.services.ItemService       [0;39m [2m:[0;39m Adding new item
[2m2021-03-04 11:33:06.570[0;39m [ event=Adding new Item, itemId=Item ID = 5 ] [32m INFO[0;39m [35m304[0;39m [2m---[0;39m [2m[nio-8080-exec-1][0;39m [36mcom.revature.services.ItemService       [0;39m [2m:[0;39m Successfully added new item
[2m2021-03-04 11:33:06.571[0;39m [ event=Adding new Item, itemId=Item ID = 5 ] [32m INFO[0;39m [35m304[0;39m [2m---[0;39m [2m[nio-8080-exec-1][0;39m [36mcom.revature.services.ItemService       [0;39m [2m:[0;39m Transaction amount = Ledger(transactionID=0, item=Item(itemID=5, itemName=Steak, itemType=Meat, storeBuyPrice=3.99, sellPrice=12.99, quantity=10, timeAdded=2021-03-04T11:33:06.348), user=User(userID=1, name=null, role=null), transactionQuantity=10, transactionTotal=-129.90, transactionTime=2021-03-04T11:33:06.348)
[2m2021-03-04 11:33:42.008[0;39m [  ] [32m INFO[0;39m [35m304[0;39m [2m---[0;39m [2m[  restartedMain][0;39m [36mcom.revature.Project1Application        [0;39m [2m:[0;39m Starting Project1Application using Java 1.8.0_282 on DESKTOP-7L903T3 with PID 304 (C:\Users\huske\Documents\210201sre\myDemos\projects\project1\target\classes started by huske in C:\Users\huske\Documents\210201sre\myDemos\projects\project1)
[2m2021-03-04 11:33:42.010[0;39m [  ] [32m INFO[0;39m [35m304[0;39m [2m---[0;39m [2m[  restartedMain][0;39m [36mcom.revature.Project1Application        [0;39m [2m:[0;39m No active profile set, falling back to default profiles: default
[2m2021-03-04 11:33:44.660[0;39m [  ] [32m INFO[0;39m [35m304[0;39m [2m---[0;39m [2m[  restartedMain][0;39m [36mcom.revature.Project1Application        [0;39m [2m:[0;39m Started Project1Application in 2.695 seconds (JVM running for 56.484)
[2m2021-03-04 11:33:44.875[0;39m [ event=Adding new Item ] [32m INFO[0;39m [35m304[0;39m [2m---[0;39m [2m[nio-8080-exec-2][0;39m [36mcom.revature.services.ItemService       [0;39m [2m:[0;39m Adding new item
[2m2021-03-04 11:33:45.049[0;39m [ event=Adding new Item, itemId=Item ID = 6 ] [32m INFO[0;39m [35m304[0;39m [2m---[0;39m [2m[nio-8080-exec-2][0;39m [36mcom.revature.services.ItemService       [0;39m [2m:[0;39m Successfully added new item
[2m2021-03-04 11:33:45.050[0;39m [ event=Adding new Item, itemId=Item ID = 6 ] [32m INFO[0;39m [35m304[0;39m [2m---[0;39m [2m[nio-8080-exec-2][0;39m [36mcom.revature.services.ItemService       [0;39m [2m:[0;39m Transaction amount = -129.90
[2m2021-03-04 11:34:31.706[0;39m [] [32m INFO[0;39m [35m304[0;39m [2m---[0;39m [2m[  restartedMain][0;39m [36mcom.revature.Project1Application        [0;39m [2m:[0;39m Starting Project1Application using Java 1.8.0_282 on DESKTOP-7L903T3 with PID 304 (C:\Users\huske\Documents\210201sre\myDemos\projects\project1\target\classes started by huske in C:\Users\huske\Documents\210201sre\myDemos\projects\project1)
[2m2021-03-04 11:34:31.707[0;39m [] [32m INFO[0;39m [35m304[0;39m [2m---[0;39m [2m[  restartedMain][0;39m [36mcom.revature.Project1Application        [0;39m [2m:[0;39m No active profile set, falling back to default profiles: default
[2m2021-03-04 11:34:34.313[0;39m [] [32m INFO[0;39m [35m304[0;39m [2m---[0;39m [2m[  restartedMain][0;39m [36mcom.revature.Project1Application        [0;39m [2m:[0;39m Started Project1Application in 2.642 seconds (JVM running for 106.138)
[2m2021-03-04 11:34:57.992[0;39m [event=Adding new Item] [32m INFO[0;39m [35m304[0;39m [2m---[0;39m [2m[nio-8080-exec-2][0;39m [36mcom.revature.services.ItemService       [0;39m [2m:[0;39m Adding new item
[2m2021-03-04 11:34:58.194[0;39m [event=Adding new Item, itemId=Item ID = 7] [32m INFO[0;39m [35m304[0;39m [2m---[0;39m [2m[nio-8080-exec-2][0;39m [36mcom.revature.services.ItemService       [0;39m [2m:[0;39m Successfully added new item
[2m2021-03-04 11:34:58.194[0;39m [event=Adding new Item, itemId=Item ID = 7] [32m INFO[0;39m [35m304[0;39m [2m---[0;39m [2m[nio-8080-exec-2][0;39m [36mcom.revature.services.ItemService       [0;39m [2m:[0;39m Transaction amount = -129.90
[2m2021-03-04 11:35:23.352[0;39m [] [32m INFO[0;39m [35m304[0;39m [2m---[0;39m [2m[  restartedMain][0;39m [36mcom.revature.Project1Application        [0;39m [2m:[0;39m Starting Project1Application using Java 1.8.0_282 on DESKTOP-7L903T3 with PID 304 (C:\Users\huske\Documents\210201sre\myDemos\projects\project1\target\classes started by huske in C:\Users\huske\Documents\210201sre\myDemos\projects\project1)
[2m2021-03-04 11:35:23.353[0;39m [] [32m INFO[0;39m [35m304[0;39m [2m---[0;39m [2m[  restartedMain][0;39m [36mcom.revature.Project1Application        [0;39m [2m:[0;39m No active profile set, falling back to default profiles: default
[2m2021-03-04 11:35:25.736[0;39m [] [32m INFO[0;39m [35m304[0;39m [2m---[0;39m [2m[  restartedMain][0;39m [36mcom.revature.Project1Application        [0;39m [2m:[0;39m Started Project1Application in 2.415 seconds (JVM running for 157.561)
[2m2021-03-04 11:35:58.580[0;39m [] [32m INFO[0;39m [35m304[0;39m [2m---[0;39m [2m[  restartedMain][0;39m [36mcom.revature.Project1Application        [0;39m [2m:[0;39m Starting Project1Application using Java 1.8.0_282 on DESKTOP-7L903T3 with PID 304 (C:\Users\huske\Documents\210201sre\myDemos\projects\project1\target\classes started by huske in C:\Users\huske\Documents\210201sre\myDemos\projects\project1)
[2m2021-03-04 11:35:58.581[0;39m [] [32m INFO[0;39m [35m304[0;39m [2m---[0;39m [2m[  restartedMain][0;39m [36mcom.revature.Project1Application        [0;39m [2m:[0;39m No active profile set, falling back to default profiles: default
[2m2021-03-04 11:36:01.171[0;39m [] [32m INFO[0;39m [35m304[0;39m [2m---[0;39m [2m[  restartedMain][0;39m [36mcom.revature.Project1Application        [0;39m [2m:[0;39m Started Project1Application in 2.619 seconds (JVM running for 192.995)
[2m2021-03-04 11:36:04.907[0;39m [] [32m INFO[0;39m [35m304[0;39m [2m---[0;39m [2m[  restartedMain][0;39m [36mcom.revature.Project1Application        [0;39m [2m:[0;39m Starting Project1Application using Java 1.8.0_282 on DESKTOP-7L903T3 with PID 304 (C:\Users\huske\Documents\210201sre\myDemos\projects\project1\target\classes started by huske in C:\Users\huske\Documents\210201sre\myDemos\projects\project1)
[2m2021-03-04 11:36:04.908[0;39m [] [32m INFO[0;39m [35m304[0;39m [2m---[0;39m [2m[  restartedMain][0;39m [36mcom.revature.Project1Application        [0;39m [2m:[0;39m No active profile set, falling back to default profiles: default
[2m2021-03-04 11:36:07.178[0;39m [] [32m INFO[0;39m [35m304[0;39m [2m---[0;39m [2m[  restartedMain][0;39m [36mcom.revature.Project1Application        [0;39m [2m:[0;39m Started Project1Application in 2.3 seconds (JVM running for 199.003)
[2m2021-03-04 11:36:08.611[0;39m [event=Adding new Item] [32m INFO[0;39m [35m304[0;39m [2m---[0;39m [2m[nio-8080-exec-2][0;39m [36mcom.revature.services.ItemService       [0;39m [2m:[0;39m Adding new item
[2m2021-03-04 11:36:08.795[0;39m [event=Adding new Item, itemId=8, transactionId=0] [32m INFO[0;39m [35m304[0;39m [2m---[0;39m [2m[nio-8080-exec-2][0;39m [36mcom.revature.services.ItemService       [0;39m [2m:[0;39m Successfully added new item
[2m2021-03-04 11:36:08.795[0;39m [event=Adding new Item, itemId=8, transactionId=0] [32m INFO[0;39m [35m304[0;39m [2m---[0;39m [2m[nio-8080-exec-2][0;39m [36mcom.revature.services.ItemService       [0;39m [2m:[0;39m Transaction amount = -129.90
[2m2021-03-04 11:36:28.004[0;39m [] [32m INFO[0;39m [35m304[0;39m [2m---[0;39m [2m[  restartedMain][0;39m [36mcom.revature.Project1Application        [0;39m [2m:[0;39m Starting Project1Application using Java 1.8.0_282 on DESKTOP-7L903T3 with PID 304 (C:\Users\huske\Documents\210201sre\myDemos\projects\project1\target\classes started by huske in C:\Users\huske\Documents\210201sre\myDemos\projects\project1)
[2m2021-03-04 11:36:28.005[0;39m [] [32m INFO[0;39m [35m304[0;39m [2m---[0;39m [2m[  restartedMain][0;39m [36mcom.revature.Project1Application        [0;39m [2m:[0;39m No active profile set, falling back to default profiles: default
[2m2021-03-04 11:36:30.386[0;39m [] [32m INFO[0;39m [35m304[0;39m [2m---[0;39m [2m[  restartedMain][0;39m [36mcom.revature.Project1Application        [0;39m [2m:[0;39m Started Project1Application in 2.408 seconds (JVM running for 222.21)
[2m2021-03-04 11:36:30.855[0;39m [event=Adding new Item] [32m INFO[0;39m [35m304[0;39m [2m---[0;39m [2m[nio-8080-exec-2][0;39m [36mcom.revature.services.ItemService       [0;39m [2m:[0;39m Adding new item
[2m2021-03-04 11:36:31.022[0;39m [event=Adding new Item, itemId=9] [32m INFO[0;39m [35m304[0;39m [2m---[0;39m [2m[nio-8080-exec-2][0;39m [36mcom.revature.services.ItemService       [0;39m [2m:[0;39m Successfully added new item
[2m2021-03-04 11:36:31.023[0;39m [event=Adding new Item, itemId=9] [32m INFO[0;39m [35m304[0;39m [2m---[0;39m [2m[nio-8080-exec-2][0;39m [36mcom.revature.services.ItemService       [0;39m [2m:[0;39m Transaction amount = -129.90
[2m2021-03-04 11:36:57.298[0;39m [] [32m INFO[0;39m [35m304[0;39m [2m---[0;39m [2m[  restartedMain][0;39m [36mcom.revature.Project1Application        [0;39m [2m:[0;39m Starting Project1Application using Java 1.8.0_282 on DESKTOP-7L903T3 with PID 304 (C:\Users\huske\Documents\210201sre\myDemos\projects\project1\target\classes started by huske in C:\Users\huske\Documents\210201sre\myDemos\projects\project1)
[2m2021-03-04 11:36:57.299[0;39m [] [32m INFO[0;39m [35m304[0;39m [2m---[0;39m [2m[  restartedMain][0;39m [36mcom.revature.Project1Application        [0;39m [2m:[0;39m No active profile set, falling back to default profiles: default
[2m2021-03-04 11:36:59.677[0;39m [] [32m INFO[0;39m [35m304[0;39m [2m---[0;39m [2m[  restartedMain][0;39m [36mcom.revature.Project1Application        [0;39m [2m:[0;39m Started Project1Application in 2.411 seconds (JVM running for 251.502)
[2m2021-03-04 11:37:41.787[0;39m [event=Updating item with ID = 1] [32m INFO[0;39m [35m304[0;39m [2m---[0;39m [2m[nio-8080-exec-2][0;39m [36mcom.revature.services.ItemService       [0;39m [2m:[0;39m Successfully updated Item with ID = 1
[2m2021-03-04 11:37:52.168[0;39m [event=Updating User information for User in database with ID = 3] [32m INFO[0;39m [35m304[0;39m [2m---[0;39m [2m[nio-8080-exec-3][0;39m [36mcom.revature.services.UserService       [0;39m [2m:[0;39m Update successful!
[2m2021-03-06 14:40:05.361[0;39m [] [32m INFO[0;39m [35m11988[0;39m [2m---[0;39m [2m[  restartedMain][0;39m [36mcom.revature.Project1Application        [0;39m [2m:[0;39m Starting Project1Application using Java 1.8.0_282 on DESKTOP-7L903T3 with PID 11988 (C:\Users\huske\Documents\210201sre\myDemos\projects\project1\target\classes started by huske in C:\Users\huske\Documents\210201sre\myDemos\projects\project1)
[2m2021-03-06 14:40:05.450[0;39m [] [32m INFO[0;39m [35m11988[0;39m [2m---[0;39m [2m[  restartedMain][0;39m [36mcom.revature.Project1Application        [0;39m [2m:[0;39m No active profile set, falling back to default profiles: default
[2m2021-03-06 14:40:05.486[0;39m [] [32m INFO[0;39m [35m9528[0;39m [2m---[0;39m [2m[  restartedMain][0;39m [36mcom.revature.Project1Application        [0;39m [2m:[0;39m Starting Project1Application using Java 1.8.0_282 on DESKTOP-7L903T3 with PID 9528 (C:\Users\huske\Documents\210201sre\myDemos\projects\project1\target\classes started by huske in C:\Users\huske\Documents\210201sre\myDemos\projects\project1)
[2m2021-03-06 14:40:05.495[0;39m [] [32m INFO[0;39m [35m9528[0;39m [2m---[0;39m [2m[  restartedMain][0;39m [36mcom.revature.Project1Application        [0;39m [2m:[0;39m No active profile set, falling back to default profiles: default
[2m2021-03-06 14:40:18.559[0;39m [] [32m INFO[0;39m [35m11988[0;39m [2m---[0;39m [2m[  restartedMain][0;39m [36mcom.revature.Project1Application        [0;39m [2m:[0;39m Started Project1Application in 14.069 seconds (JVM running for 16.637)
[2m2021-03-06 14:40:45.267[0;39m [] [32m INFO[0;39m [35m3080[0;39m [2m---[0;39m [2m[  restartedMain][0;39m [36mcom.revature.Project1Application        [0;39m [2m:[0;39m Starting Project1Application using Java 1.8.0_282 on DESKTOP-7L903T3 with PID 3080 (C:\Users\huske\Documents\210201sre\myDemos\projects\project1\target\classes started by huske in C:\Users\huske\Documents\210201sre\myDemos\projects\project1)
[2m2021-03-06 14:40:45.286[0;39m [] [32m INFO[0;39m [35m3080[0;39m [2m---[0;39m [2m[  restartedMain][0;39m [36mcom.revature.Project1Application        [0;39m [2m:[0;39m No active profile set, falling back to default profiles: default
[2m2021-03-06 14:40:52.180[0;39m [] [32m INFO[0;39m [35m3080[0;39m [2m---[0;39m [2m[  restartedMain][0;39m [36mcom.revature.Project1Application        [0;39m [2m:[0;39m Started Project1Application in 7.333 seconds (JVM running for 8.467)
[2m2021-03-06 14:41:25.221[0;39m [event=Finding all User entries in the database] [32m INFO[0;39m [35m3080[0;39m [2m---[0;39m [2m[nio-8080-exec-1][0;39m [36mcom.revature.services.UserService       [0;39m [2m:[0;39m Found user with userID1
[2m2021-03-06 14:41:25.222[0;39m [event=Finding all User entries in the database] [32m INFO[0;39m [35m3080[0;39m [2m---[0;39m [2m[nio-8080-exec-1][0;39m [36mcom.revature.services.UserService       [0;39m [2m:[0;39m Found user with userID2
[2m2021-03-06 14:41:25.223[0;39m [event=Finding all User entries in the database] [32m INFO[0;39m [35m3080[0;39m [2m---[0;39m [2m[nio-8080-exec-1][0;39m [36mcom.revature.services.UserService       [0;39m [2m:[0;39m Found user with userID3
[2m2021-03-06 14:41:25.223[0;39m [event=Finding all User entries in the database] [32m INFO[0;39m [35m3080[0;39m [2m---[0;39m [2m[nio-8080-exec-1][0;39m [36mcom.revature.services.UserService       [0;39m [2m:[0;39m All users successfully found
[2m2021-03-06 14:41:39.411[0;39m [event=Updating User information for User in database with ID = 3] [32m INFO[0;39m [35m3080[0;39m [2m---[0;39m [2m[nio-8080-exec-3][0;39m [36mcom.revature.services.UserService       [0;39m [2m:[0;39m Update successful!
[2m2021-03-06 14:42:35.807[0;39m [] [32m INFO[0;39m [35m3080[0;39m [2m---[0;39m [2m[  restartedMain][0;39m [36mcom.revature.Project1Application        [0;39m [2m:[0;39m Starting Project1Application using Java 1.8.0_282 on DESKTOP-7L903T3 with PID 3080 (C:\Users\huske\Documents\210201sre\myDemos\projects\project1\target\classes started by huske in C:\Users\huske\Documents\210201sre\myDemos\projects\project1)
[2m2021-03-06 14:42:35.809[0;39m [] [32m INFO[0;39m [35m3080[0;39m [2m---[0;39m [2m[  restartedMain][0;39m [36mcom.revature.Project1Application        [0;39m [2m:[0;39m No active profile set, falling back to default profiles: default
[2m2021-03-06 14:42:38.382[0;39m [] [32m INFO[0;39m [35m3080[0;39m [2m---[0;39m [2m[  restartedMain][0;39m [36mcom.revature.Project1Application        [0;39m [2m:[0;39m Started Project1Application in 2.613 seconds (JVM running for 114.67)
[2m2021-03-06 14:42:45.964[0;39m [event=Add User] [32m INFO[0;39m [35m3080[0;39m [2m---[0;39m [2m[nio-8080-exec-2][0;39m [36mcom.revature.services.UserService       [0;39m [2m:[0;39m Registering new User
[2m2021-03-06 14:42:46.137[0;39m [event=Add User, userId=4] [32m INFO[0;39m [35m3080[0;39m [2m---[0;39m [2m[nio-8080-exec-2][0;39m [36mcom.revature.services.UserService       [0;39m [2m:[0;39m Successfully registered User
[2m2021-03-06 14:43:28.360[0;39m [] [32m INFO[0;39m [35m3080[0;39m [2m---[0;39m [2m[  restartedMain][0;39m [36mcom.revature.Project1Application        [0;39m [2m:[0;39m Starting Project1Application using Java 1.8.0_282 on DESKTOP-7L903T3 with PID 3080 (C:\Users\huske\Documents\210201sre\myDemos\projects\project1\target\classes started by huske in C:\Users\huske\Documents\210201sre\myDemos\projects\project1)
[2m2021-03-06 14:43:28.361[0;39m [] [32m INFO[0;39m [35m3080[0;39m [2m---[0;39m [2m[  restartedMain][0;39m [36mcom.revature.Project1Application        [0;39m [2m:[0;39m No active profile set, falling back to default profiles: default
[2m2021-03-06 14:43:30.714[0;39m [] [32m INFO[0;39m [35m3080[0;39m [2m---[0;39m [2m[  restartedMain][0;39m [36mcom.revature.Project1Application        [0;39m [2m:[0;39m Started Project1Application in 2.384 seconds (JVM running for 167.002)
[2m2021-03-06 14:43:36.400[0;39m [] [32m INFO[0;39m [35m3080[0;39m [2m---[0;39m [2m[  restartedMain][0;39m [36mcom.revature.Project1Application        [0;39m [2m:[0;39m Starting Project1Application using Java 1.8.0_282 on DESKTOP-7L903T3 with PID 3080 (C:\Users\huske\Documents\210201sre\myDemos\projects\project1\target\classes started by huske in C:\Users\huske\Documents\210201sre\myDemos\projects\project1)
[2m2021-03-06 14:43:36.400[0;39m [] [32m INFO[0;39m [35m3080[0;39m [2m---[0;39m [2m[  restartedMain][0;39m [36mcom.revature.Project1Application        [0;39m [2m:[0;39m No active profile set, falling back to default profiles: default
[2m2021-03-06 14:43:38.647[0;39m [] [32m INFO[0;39m [35m3080[0;39m [2m---[0;39m [2m[  restartedMain][0;39m [36mcom.revature.Project1Application        [0;39m [2m:[0;39m Started Project1Application in 2.275 seconds (JVM running for 174.935)
[2m2021-03-06 14:43:54.472[0;39m [] [32m INFO[0;39m [35m3080[0;39m [2m---[0;39m [2m[  restartedMain][0;39m [36mcom.revature.Project1Application        [0;39m [2m:[0;39m Starting Project1Application using Java 1.8.0_282 on DESKTOP-7L903T3 with PID 3080 (C:\Users\huske\Documents\210201sre\myDemos\projects\project1\target\classes started by huske in C:\Users\huske\Documents\210201sre\myDemos\projects\project1)
[2m2021-03-06 14:43:54.473[0;39m [] [32m INFO[0;39m [35m3080[0;39m [2m---[0;39m [2m[  restartedMain][0;39m [36mcom.revature.Project1Application        [0;39m [2m:[0;39m No active profile set, falling back to default profiles: default
[2m2021-03-06 14:43:56.817[0;39m [] [32m INFO[0;39m [35m3080[0;39m [2m---[0;39m [2m[  restartedMain][0;39m [36mcom.revature.Project1Application        [0;39m [2m:[0;39m Started Project1Application in 2.376 seconds (JVM running for 193.105)
[2m2021-03-06 14:43:59.514[0;39m [event=Find Single User with ID, userId=3] [32m INFO[0;39m [35m3080[0;39m [2m---[0;39m [2m[nio-8080-exec-2][0;39m [36mcom.revature.services.UserService       [0;39m [2m:[0;39m Successfully found User with ID = 3
[2m2021-03-06 14:44:10.547[0;39m [] [32m INFO[0;39m [35m3080[0;39m [2m---[0;39m [2m[  restartedMain][0;39m [36mcom.revature.Project1Application        [0;39m [2m:[0;39m Starting Project1Application using Java 1.8.0_282 on DESKTOP-7L903T3 with PID 3080 (C:\Users\huske\Documents\210201sre\myDemos\projects\project1\target\classes started by huske in C:\Users\huske\Documents\210201sre\myDemos\projects\project1)
[2m2021-03-06 14:44:10.548[0;39m [] [32m INFO[0;39m [35m3080[0;39m [2m---[0;39m [2m[  restartedMain][0;39m [36mcom.revature.Project1Application        [0;39m [2m:[0;39m No active profile set, falling back to default profiles: default
[2m2021-03-06 14:44:12.982[0;39m [] [32m INFO[0;39m [35m3080[0;39m [2m---[0;39m [2m[  restartedMain][0;39m [36mcom.revature.Project1Application        [0;39m [2m:[0;39m Started Project1Application in 2.462 seconds (JVM running for 209.27)
[2m2021-03-06 14:44:27.734[0;39m [] [32m INFO[0;39m [35m3080[0;39m [2m---[0;39m [2m[  restartedMain][0;39m [36mcom.revature.Project1Application        [0;39m [2m:[0;39m Starting Project1Application using Java 1.8.0_282 on DESKTOP-7L903T3 with PID 3080 (C:\Users\huske\Documents\210201sre\myDemos\projects\project1\target\classes started by huske in C:\Users\huske\Documents\210201sre\myDemos\projects\project1)
[2m2021-03-06 14:44:27.735[0;39m [] [32m INFO[0;39m [35m3080[0;39m [2m---[0;39m [2m[  restartedMain][0;39m [36mcom.revature.Project1Application        [0;39m [2m:[0;39m No active profile set, falling back to default profiles: default
[2m2021-03-06 14:44:30.012[0;39m [] [32m INFO[0;39m [35m3080[0;39m [2m---[0;39m [2m[  restartedMain][0;39m [36mcom.revature.Project1Application        [0;39m [2m:[0;39m Started Project1Application in 2.305 seconds (JVM running for 226.3)
[2m2021-03-06 14:44:35.700[0;39m [] [32m INFO[0;39m [35m3080[0;39m [2m---[0;39m [2m[  restartedMain][0;39m [36mcom.revature.Project1Application        [0;39m [2m:[0;39m Starting Project1Application using Java 1.8.0_282 on DESKTOP-7L903T3 with PID 3080 (C:\Users\huske\Documents\210201sre\myDemos\projects\project1\target\classes started by huske in C:\Users\huske\Documents\210201sre\myDemos\projects\project1)
[2m2021-03-06 14:44:35.701[0;39m [] [32m INFO[0;39m [35m3080[0;39m [2m---[0;39m [2m[  restartedMain][0;39m [36mcom.revature.Project1Application        [0;39m [2m:[0;39m No active profile set, falling back to default profiles: default
[2m2021-03-06 14:44:37.781[0;39m [] [32m INFO[0;39m [35m3080[0;39m [2m---[0;39m [2m[  restartedMain][0;39m [36mcom.revature.Project1Application        [0;39m [2m:[0;39m Started Project1Application in 2.104 seconds (JVM running for 234.069)
[2m2021-03-06 14:44:49.524[0;39m [] [32m INFO[0;39m [35m3080[0;39m [2m---[0;39m [2m[  restartedMain][0;39m [36mcom.revature.Project1Application        [0;39m [2m:[0;39m Starting Project1Application using Java 1.8.0_282 on DESKTOP-7L903T3 with PID 3080 (C:\Users\huske\Documents\210201sre\myDemos\projects\project1\target\classes started by huske in C:\Users\huske\Documents\210201sre\myDemos\projects\project1)
[2m2021-03-06 14:44:49.525[0;39m [] [32m INFO[0;39m [35m3080[0;39m [2m---[0;39m [2m[  restartedMain][0;39m [36mcom.revature.Project1Application        [0;39m [2m:[0;39m No active profile set, falling back to default profiles: default
[2m2021-03-06 14:44:51.932[0;39m [] [32m INFO[0;39m [35m3080[0;39m [2m---[0;39m [2m[  restartedMain][0;39m [36mcom.revature.Project1Application        [0;39m [2m:[0;39m Started Project1Application in 2.432 seconds (JVM running for 248.22)
[2m2021-03-06 14:44:58.942[0;39m [event=Delete User, userId=4] [32m INFO[0;39m [35m3080[0;39m [2m---[0;39m [2m[nio-8080-exec-4][0;39m [36mcom.revature.services.UserService       [0;39m [2m:[0;39m Delete successful!
[2m2021-03-06 14:45:07.627[0;39m [event=Update User, userId=3] [32m INFO[0;39m [35m3080[0;39m [2m---[0;39m [2m[nio-8080-exec-3][0;39m [36mcom.revature.services.UserService       [0;39m [2m:[0;39m Update successful!
[2m2021-03-06 14:58:11.499[0;39m [] [32m INFO[0;39m [35m3080[0;39m [2m---[0;39m [2m[  restartedMain][0;39m [36mcom.revature.Project1Application        [0;39m [2m:[0;39m Starting Project1Application using Java 1.8.0_282 on DESKTOP-7L903T3 with PID 3080 (C:\Users\huske\Documents\210201sre\myDemos\projects\project1\target\classes started by huske in C:\Users\huske\Documents\210201sre\myDemos\projects\project1)
[2m2021-03-06 14:58:11.500[0;39m [] [32m INFO[0;39m [35m3080[0;39m [2m---[0;39m [2m[  restartedMain][0;39m [36mcom.revature.Project1Application        [0;39m [2m:[0;39m No active profile set, falling back to default profiles: default
[2m2021-03-06 14:58:13.932[0;39m [] [32m INFO[0;39m [35m3080[0;39m [2m---[0;39m [2m[  restartedMain][0;39m [36mcom.revature.Project1Application        [0;39m [2m:[0;39m Started Project1Application in 2.47 seconds (JVM running for 1033.943)
[2m2021-03-06 14:58:16.703[0;39m [] [32m INFO[0;39m [35m3080[0;39m [2m---[0;39m [2m[  restartedMain][0;39m [36mcom.revature.Project1Application        [0;39m [2m:[0;39m Starting Project1Application using Java 1.8.0_282 on DESKTOP-7L903T3 with PID 3080 (C:\Users\huske\Documents\210201sre\myDemos\projects\project1\target\classes started by huske in C:\Users\huske\Documents\210201sre\myDemos\projects\project1)
[2m2021-03-06 14:58:16.704[0;39m [] [32m INFO[0;39m [35m3080[0;39m [2m---[0;39m [2m[  restartedMain][0;39m [36mcom.revature.Project1Application        [0;39m [2m:[0;39m No active profile set, falling back to default profiles: default
[2m2021-03-06 14:58:18.994[0;39m [] [32m INFO[0;39m [35m3080[0;39m [2m---[0;39m [2m[  restartedMain][0;39m [36mcom.revature.Project1Application        [0;39m [2m:[0;39m Started Project1Application in 2.316 seconds (JVM running for 1039.006)
[2m2021-03-06 14:58:21.795[0;39m [] [32m INFO[0;39m [35m3080[0;39m [2m---[0;39m [2m[  restartedMain][0;39m [36mcom.revature.Project1Application        [0;39m [2m:[0;39m Starting Project1Application using Java 1.8.0_282 on DESKTOP-7L903T3 with PID 3080 (C:\Users\huske\Documents\210201sre\myDemos\projects\project1\target\classes started by huske in C:\Users\huske\Documents\210201sre\myDemos\projects\project1)
[2m2021-03-06 14:58:21.796[0;39m [] [32m INFO[0;39m [35m3080[0;39m [2m---[0;39m [2m[  restartedMain][0;39m [36mcom.revature.Project1Application        [0;39m [2m:[0;39m No active profile set, falling back to default profiles: default
[2m2021-03-06 14:58:24.079[0;39m [] [32m INFO[0;39m [35m3080[0;39m [2m---[0;39m [2m[  restartedMain][0;39m [36mcom.revature.Project1Application        [0;39m [2m:[0;39m Started Project1Application in 2.307 seconds (JVM running for 1044.09)
[2m2021-03-06 14:58:27.834[0;39m [] [32m INFO[0;39m [35m3080[0;39m [2m---[0;39m [2m[  restartedMain][0;39m [36mcom.revature.Project1Application        [0;39m [2m:[0;39m Starting Project1Application using Java 1.8.0_282 on DESKTOP-7L903T3 with PID 3080 (C:\Users\huske\Documents\210201sre\myDemos\projects\project1\target\classes started by huske in C:\Users\huske\Documents\210201sre\myDemos\projects\project1)
[2m2021-03-06 14:58:27.835[0;39m [] [32m INFO[0;39m [35m3080[0;39m [2m---[0;39m [2m[  restartedMain][0;39m [36mcom.revature.Project1Application        [0;39m [2m:[0;39m No active profile set, falling back to default profiles: default
[2m2021-03-06 14:58:29.967[0;39m [] [32m INFO[0;39m [35m3080[0;39m [2m---[0;39m [2m[  restartedMain][0;39m [36mcom.revature.Project1Application        [0;39m [2m:[0;39m Started Project1Application in 2.156 seconds (JVM running for 1049.977)
[2m2021-03-06 14:59:50.102[0;39m [] [32m INFO[0;39m [35m3080[0;39m [2m---[0;39m [2m[  restartedMain][0;39m [36mcom.revature.Project1Application        [0;39m [2m:[0;39m Starting Project1Application using Java 1.8.0_282 on DESKTOP-7L903T3 with PID 3080 (C:\Users\huske\Documents\210201sre\myDemos\projects\project1\target\classes started by huske in C:\Users\huske\Documents\210201sre\myDemos\projects\project1)
[2m2021-03-06 14:59:50.103[0;39m [] [32m INFO[0;39m [35m3080[0;39m [2m---[0;39m [2m[  restartedMain][0;39m [36mcom.revature.Project1Application        [0;39m [2m:[0;39m No active profile set, falling back to default profiles: default
[2m2021-03-06 14:59:52.334[0;39m [] [32m INFO[0;39m [35m3080[0;39m [2m---[0;39m [2m[  restartedMain][0;39m [36mcom.revature.Project1Application        [0;39m [2m:[0;39m Started Project1Application in 2.254 seconds (JVM running for 1132.344)
[2m2021-03-06 15:00:03.196[0;39m [] [32m INFO[0;39m [35m3080[0;39m [2m---[0;39m [2m[  restartedMain][0;39m [36mcom.revature.Project1Application        [0;39m [2m:[0;39m Starting Project1Application using Java 1.8.0_282 on DESKTOP-7L903T3 with PID 3080 (C:\Users\huske\Documents\210201sre\myDemos\projects\project1\target\classes started by huske in C:\Users\huske\Documents\210201sre\myDemos\projects\project1)
[2m2021-03-06 15:00:03.197[0;39m [] [32m INFO[0;39m [35m3080[0;39m [2m---[0;39m [2m[  restartedMain][0;39m [36mcom.revature.Project1Application        [0;39m [2m:[0;39m No active profile set, falling back to default profiles: default
[2m2021-03-06 15:00:05.352[0;39m [] [32m INFO[0;39m [35m3080[0;39m [2m---[0;39m [2m[  restartedMain][0;39m [36mcom.revature.Project1Application        [0;39m [2m:[0;39m Started Project1Application in 2.181 seconds (JVM running for 1145.364)
[2m2021-03-06 15:00:09.646[0;39m [event=Making Transaction] [32m INFO[0;39m [35m3080[0;39m [2m---[0;39m [2m[nio-8080-exec-2][0;39m [36mcom.revature.services.ItemService       [0;39m [2m:[0;39m Creating new Transaction
[2m2021-03-06 15:00:10.001[0;39m [event=Making Transaction, transactionId=10] [32m INFO[0;39m [35m3080[0;39m [2m---[0;39m [2m[nio-8080-exec-2][0;39m [36mcom.revature.services.ItemService       [0;39m [2m:[0;39m Successfully created transaction
[2m2021-03-06 15:00:34.280[0;39m [] [32m INFO[0;39m [35m3080[0;39m [2m---[0;39m [2m[  restartedMain][0;39m [36mcom.revature.Project1Application        [0;39m [2m:[0;39m Starting Project1Application using Java 1.8.0_282 on DESKTOP-7L903T3 with PID 3080 (C:\Users\huske\Documents\210201sre\myDemos\projects\project1\target\classes started by huske in C:\Users\huske\Documents\210201sre\myDemos\projects\project1)
[2m2021-03-06 15:00:34.281[0;39m [] [32m INFO[0;39m [35m3080[0;39m [2m---[0;39m [2m[  restartedMain][0;39m [36mcom.revature.Project1Application        [0;39m [2m:[0;39m No active profile set, falling back to default profiles: default
[2m2021-03-06 15:00:36.691[0;39m [] [32m INFO[0;39m [35m3080[0;39m [2m---[0;39m [2m[  restartedMain][0;39m [36mcom.revature.Project1Application        [0;39m [2m:[0;39m Started Project1Application in 2.438 seconds (JVM running for 1176.703)
[2m2021-03-06 15:01:22.871[0;39m [] [32m INFO[0;39m [35m3080[0;39m [2m---[0;39m [2m[  restartedMain][0;39m [36mcom.revature.Project1Application        [0;39m [2m:[0;39m Starting Project1Application using Java 1.8.0_282 on DESKTOP-7L903T3 with PID 3080 (C:\Users\huske\Documents\210201sre\myDemos\projects\project1\target\classes started by huske in C:\Users\huske\Documents\210201sre\myDemos\projects\project1)
[2m2021-03-06 15:01:22.872[0;39m [] [32m INFO[0;39m [35m3080[0;39m [2m---[0;39m [2m[  restartedMain][0;39m [36mcom.revature.Project1Application        [0;39m [2m:[0;39m No active profile set, falling back to default profiles: default
[2m2021-03-06 15:01:25.197[0;39m [] [32m INFO[0;39m [35m3080[0;39m [2m---[0;39m [2m[  restartedMain][0;39m [36mcom.revature.Project1Application        [0;39m [2m:[0;39m Started Project1Application in 2.352 seconds (JVM running for 1225.208)
[2m2021-03-06 15:01:49.021[0;39m [] [32m INFO[0;39m [35m3080[0;39m [2m---[0;39m [2m[  restartedMain][0;39m [36mcom.revature.Project1Application        [0;39m [2m:[0;39m Starting Project1Application using Java 1.8.0_282 on DESKTOP-7L903T3 with PID 3080 (C:\Users\huske\Documents\210201sre\myDemos\projects\project1\target\classes started by huske in C:\Users\huske\Documents\210201sre\myDemos\projects\project1)
[2m2021-03-06 15:01:49.022[0;39m [] [32m INFO[0;39m [35m3080[0;39m [2m---[0;39m [2m[  restartedMain][0;39m [36mcom.revature.Project1Application        [0;39m [2m:[0;39m No active profile set, falling back to default profiles: default
[2m2021-03-06 15:01:51.303[0;39m [] [32m INFO[0;39m [35m3080[0;39m [2m---[0;39m [2m[  restartedMain][0;39m [36mcom.revature.Project1Application        [0;39m [2m:[0;39m Started Project1Application in 2.308 seconds (JVM running for 1251.314)
[2m2021-03-06 15:01:56.072[0;39m [] [32m INFO[0;39m [35m3080[0;39m [2m---[0;39m [2m[  restartedMain][0;39m [36mcom.revature.Project1Application        [0;39m [2m:[0;39m Starting Project1Application using Java 1.8.0_282 on DESKTOP-7L903T3 with PID 3080 (C:\Users\huske\Documents\210201sre\myDemos\projects\project1\target\classes started by huske in C:\Users\huske\Documents\210201sre\myDemos\projects\project1)
[2m2021-03-06 15:01:56.073[0;39m [] [32m INFO[0;39m [35m3080[0;39m [2m---[0;39m [2m[  restartedMain][0;39m [36mcom.revature.Project1Application        [0;39m [2m:[0;39m No active profile set, falling back to default profiles: default
[2m2021-03-06 15:01:58.275[0;39m [] [32m INFO[0;39m [35m3080[0;39m [2m---[0;39m [2m[  restartedMain][0;39m [36mcom.revature.Project1Application        [0;39m [2m:[0;39m Started Project1Application in 2.231 seconds (JVM running for 1258.287)
[2m2021-03-06 15:02:01.495[0;39m [] [32m INFO[0;39m [35m3080[0;39m [2m---[0;39m [2m[  restartedMain][0;39m [36mcom.revature.Project1Application        [0;39m [2m:[0;39m Starting Project1Application using Java 1.8.0_282 on DESKTOP-7L903T3 with PID 3080 (C:\Users\huske\Documents\210201sre\myDemos\projects\project1\target\classes started by huske in C:\Users\huske\Documents\210201sre\myDemos\projects\project1)
[2m2021-03-06 15:02:01.496[0;39m [] [32m INFO[0;39m [35m3080[0;39m [2m---[0;39m [2m[  restartedMain][0;39m [36mcom.revature.Project1Application        [0;39m [2m:[0;39m No active profile set, falling back to default profiles: default
[2m2021-03-06 15:02:03.812[0;39m [] [32m INFO[0;39m [35m3080[0;39m [2m---[0;39m [2m[  restartedMain][0;39m [36mcom.revature.Project1Application        [0;39m [2m:[0;39m Started Project1Application in 2.365 seconds (JVM running for 1263.823)
[2m2021-03-06 15:02:31.499[0;39m [event=Find All Transactions] [32m INFO[0;39m [35m3080[0;39m [2m---[0;39m [2m[nio-8080-exec-2][0;39m [36mcom.revature.services.ItemService       [0;39m [2m:[0;39m Found Transaction with transactionID1
[2m2021-03-06 15:02:31.501[0;39m [event=Find All Transactions] [32m INFO[0;39m [35m3080[0;39m [2m---[0;39m [2m[nio-8080-exec-2][0;39m [36mcom.revature.services.ItemService       [0;39m [2m:[0;39m Found Transaction with transactionID2
[2m2021-03-06 15:02:31.501[0;39m [event=Find All Transactions] [32m INFO[0;39m [35m3080[0;39m [2m---[0;39m [2m[nio-8080-exec-2][0;39m [36mcom.revature.services.ItemService       [0;39m [2m:[0;39m Found Transaction with transactionID3
[2m2021-03-06 15:02:31.501[0;39m [event=Find All Transactions] [32m INFO[0;39m [35m3080[0;39m [2m---[0;39m [2m[nio-8080-exec-2][0;39m [36mcom.revature.services.ItemService       [0;39m [2m:[0;39m Found Transaction with transactionID4
[2m2021-03-06 15:02:31.501[0;39m [event=Find All Transactions] [32m INFO[0;39m [35m3080[0;39m [2m---[0;39m [2m[nio-8080-exec-2][0;39m [36mcom.revature.services.ItemService       [0;39m [2m:[0;39m Found Transaction with transactionID5
[2m2021-03-06 15:02:31.501[0;39m [event=Find All Transactions] [32m INFO[0;39m [35m3080[0;39m [2m---[0;39m [2m[nio-8080-exec-2][0;39m [36mcom.revature.services.ItemService       [0;39m [2m:[0;39m Found Transaction with transactionID6
[2m2021-03-06 15:02:31.501[0;39m [event=Find All Transactions] [32m INFO[0;39m [35m3080[0;39m [2m---[0;39m [2m[nio-8080-exec-2][0;39m [36mcom.revature.services.ItemService       [0;39m [2m:[0;39m Found Transaction with transactionID7
[2m2021-03-06 15:02:31.501[0;39m [event=Find All Transactions] [32m INFO[0;39m [35m3080[0;39m [2m---[0;39m [2m[nio-8080-exec-2][0;39m [36mcom.revature.services.ItemService       [0;39m [2m:[0;39m Found Transaction with transactionID8
[2m2021-03-06 15:02:31.501[0;39m [event=Find All Transactions] [32m INFO[0;39m [35m3080[0;39m [2m---[0;39m [2m[nio-8080-exec-2][0;39m [36mcom.revature.services.ItemService       [0;39m [2m:[0;39m Found Transaction with transactionID9
[2m2021-03-06 15:02:31.502[0;39m [event=Find All Transactions] [32m INFO[0;39m [35m3080[0;39m [2m---[0;39m [2m[nio-8080-exec-2][0;39m [36mcom.revature.services.ItemService       [0;39m [2m:[0;39m Found Transaction with transactionID10
[2m2021-03-06 15:02:31.502[0;39m [event=Find All Transactions] [32m INFO[0;39m [35m3080[0;39m [2m---[0;39m [2m[nio-8080-exec-2][0;39m [36mcom.revature.services.ItemService       [0;39m [2m:[0;39m Found list of all transactions
[2m2021-03-06 15:02:41.562[0;39m [event=Aggregate Operation] [32m INFO[0;39m [35m3080[0;39m [2m---[0;39m [2m[nio-8080-exec-3][0;39m [36mcom.revature.services.ItemService       [0;39m [2m:[0;39m Obtained Gross Profit: $-1117.14
[2m2021-03-06 15:02:44.215[0;39m [event=Aggregate Operation] [32m INFO[0;39m [35m3080[0;39m [2m---[0;39m [2m[nio-8080-exec-4][0;39m [36mcom.revature.services.ItemService       [0;39m [2m:[0;39m Obtained Losses: $-1169.10
[2m2021-03-06 15:02:46.288[0;39m [event=Aggregate Operation] [32m INFO[0;39m [35m3080[0;39m [2m---[0;39m [2m[nio-8080-exec-5][0;39m [36mcom.revature.services.ItemService       [0;39m [2m:[0;39m Obtained sales: $51.96
[2m2021-03-06 15:03:08.110[0;39m [] [32m INFO[0;39m [35m3080[0;39m [2m---[0;39m [2m[  restartedMain][0;39m [36mcom.revature.Project1Application        [0;39m [2m:[0;39m Starting Project1Application using Java 1.8.0_282 on DESKTOP-7L903T3 with PID 3080 (C:\Users\huske\Documents\210201sre\myDemos\projects\project1\target\classes started by huske in C:\Users\huske\Documents\210201sre\myDemos\projects\project1)
[2m2021-03-06 15:03:08.111[0;39m [] [32m INFO[0;39m [35m3080[0;39m [2m---[0;39m [2m[  restartedMain][0;39m [36mcom.revature.Project1Application        [0;39m [2m:[0;39m No active profile set, falling back to default profiles: default
[2m2021-03-06 15:03:10.893[0;39m [] [32m INFO[0;39m [35m3080[0;39m [2m---[0;39m [2m[  restartedMain][0;39m [36mcom.revature.Project1Application        [0;39m [2m:[0;39m Started Project1Application in 2.815 seconds (JVM running for 1330.905)
[2m2021-03-06 15:03:12.699[0;39m [] [32m INFO[0;39m [35m3080[0;39m [2m---[0;39m [2m[  restartedMain][0;39m [36mcom.revature.Project1Application        [0;39m [2m:[0;39m Starting Project1Application using Java 1.8.0_282 on DESKTOP-7L903T3 with PID 3080 (C:\Users\huske\Documents\210201sre\myDemos\projects\project1\target\classes started by huske in C:\Users\huske\Documents\210201sre\myDemos\projects\project1)
[2m2021-03-06 15:03:12.699[0;39m [] [32m INFO[0;39m [35m3080[0;39m [2m---[0;39m [2m[  restartedMain][0;39m [36mcom.revature.Project1Application        [0;39m [2m:[0;39m No active profile set, falling back to default profiles: default
[2m2021-03-06 15:03:15.244[0;39m [] [32m INFO[0;39m [35m3080[0;39m [2m---[0;39m [2m[  restartedMain][0;39m [36mcom.revature.Project1Application        [0;39m [2m:[0;39m Started Project1Application in 2.584 seconds (JVM running for 1335.255)
[2m2021-03-06 15:03:56.459[0;39m [] [32m INFO[0;39m [35m3080[0;39m [2m---[0;39m [2m[  restartedMain][0;39m [36mcom.revature.Project1Application        [0;39m [2m:[0;39m Starting Project1Application using Java 1.8.0_282 on DESKTOP-7L903T3 with PID 3080 (C:\Users\huske\Documents\210201sre\myDemos\projects\project1\target\classes started by huske in C:\Users\huske\Documents\210201sre\myDemos\projects\project1)
[2m2021-03-06 15:03:56.460[0;39m [] [32m INFO[0;39m [35m3080[0;39m [2m---[0;39m [2m[  restartedMain][0;39m [36mcom.revature.Project1Application        [0;39m [2m:[0;39m No active profile set, falling back to default profiles: default
[2m2021-03-06 15:03:59.023[0;39m [] [32m INFO[0;39m [35m3080[0;39m [2m---[0;39m [2m[  restartedMain][0;39m [36mcom.revature.Project1Application        [0;39m [2m:[0;39m Started Project1Application in 2.603 seconds (JVM running for 1379.034)
[2m2021-03-06 15:04:35.114[0;39m [] [32m INFO[0;39m [35m3080[0;39m [2m---[0;39m [2m[  restartedMain][0;39m [36mcom.revature.Project1Application        [0;39m [2m:[0;39m Starting Project1Application using Java 1.8.0_282 on DESKTOP-7L903T3 with PID 3080 (C:\Users\huske\Documents\210201sre\myDemos\projects\project1\target\classes started by huske in C:\Users\huske\Documents\210201sre\myDemos\projects\project1)
[2m2021-03-06 15:04:35.117[0;39m [] [32m INFO[0;39m [35m3080[0;39m [2m---[0;39m [2m[  restartedMain][0;39m [36mcom.revature.Project1Application        [0;39m [2m:[0;39m No active profile set, falling back to default profiles: default
[2m2021-03-06 15:04:37.616[0;39m [] [32m INFO[0;39m [35m3080[0;39m [2m---[0;39m [2m[  restartedMain][0;39m [36mcom.revature.Project1Application        [0;39m [2m:[0;39m Started Project1Application in 2.542 seconds (JVM running for 1417.628)
[2m2021-03-06 15:04:39.555[0;39m [] [32m INFO[0;39m [35m3080[0;39m [2m---[0;39m [2m[  restartedMain][0;39m [36mcom.revature.Project1Application        [0;39m [2m:[0;39m Starting Project1Application using Java 1.8.0_282 on DESKTOP-7L903T3 with PID 3080 (C:\Users\huske\Documents\210201sre\myDemos\projects\project1\target\classes started by huske in C:\Users\huske\Documents\210201sre\myDemos\projects\project1)
[2m2021-03-06 15:04:39.556[0;39m [] [32m INFO[0;39m [35m3080[0;39m [2m---[0;39m [2m[  restartedMain][0;39m [36mcom.revature.Project1Application        [0;39m [2m:[0;39m No active profile set, falling back to default profiles: default
[2m2021-03-06 15:04:42.069[0;39m [] [32m INFO[0;39m [35m3080[0;39m [2m---[0;39m [2m[  restartedMain][0;39m [36mcom.revature.Project1Application        [0;39m [2m:[0;39m Started Project1Application in 2.538 seconds (JVM running for 1422.081)
[2m2021-03-06 15:05:39.316[0;39m [] [32m INFO[0;39m [35m3080[0;39m [2m---[0;39m [2m[  restartedMain][0;39m [36mcom.revature.Project1Application        [0;39m [2m:[0;39m Starting Project1Application using Java 1.8.0_282 on DESKTOP-7L903T3 with PID 3080 (C:\Users\huske\Documents\210201sre\myDemos\projects\project1\target\classes started by huske in C:\Users\huske\Documents\210201sre\myDemos\projects\project1)
[2m2021-03-06 15:05:39.317[0;39m [] [32m INFO[0;39m [35m3080[0;39m [2m---[0;39m [2m[  restartedMain][0;39m [36mcom.revature.Project1Application        [0;39m [2m:[0;39m No active profile set, falling back to default profiles: default
[2m2021-03-06 15:05:41.772[0;39m [] [32m INFO[0;39m [35m3080[0;39m [2m---[0;39m [2m[  restartedMain][0;39m [36mcom.revature.Project1Application        [0;39m [2m:[0;39m Started Project1Application in 2.486 seconds (JVM running for 1481.783)
[2m2021-03-06 15:06:19.858[0;39m [] [32m INFO[0;39m [35m3080[0;39m [2m---[0;39m [2m[  restartedMain][0;39m [36mcom.revature.Project1Application        [0;39m [2m:[0;39m Starting Project1Application using Java 1.8.0_282 on DESKTOP-7L903T3 with PID 3080 (C:\Users\huske\Documents\210201sre\myDemos\projects\project1\target\classes started by huske in C:\Users\huske\Documents\210201sre\myDemos\projects\project1)
[2m2021-03-06 15:06:19.860[0;39m [] [32m INFO[0;39m [35m3080[0;39m [2m---[0;39m [2m[  restartedMain][0;39m [36mcom.revature.Project1Application        [0;39m [2m:[0;39m No active profile set, falling back to default profiles: default
[2m2021-03-06 15:06:22.610[0;39m [] [32m INFO[0;39m [35m3080[0;39m [2m---[0;39m [2m[  restartedMain][0;39m [36mcom.revature.Project1Application        [0;39m [2m:[0;39m Started Project1Application in 2.784 seconds (JVM running for 1522.621)
[2m2021-03-06 15:06:41.603[0;39m [] [32m INFO[0;39m [35m3080[0;39m [2m---[0;39m [2m[  restartedMain][0;39m [36mcom.revature.Project1Application        [0;39m [2m:[0;39m Starting Project1Application using Java 1.8.0_282 on DESKTOP-7L903T3 with PID 3080 (C:\Users\huske\Documents\210201sre\myDemos\projects\project1\target\classes started by huske in C:\Users\huske\Documents\210201sre\myDemos\projects\project1)
[2m2021-03-06 15:06:41.604[0;39m [] [32m INFO[0;39m [35m3080[0;39m [2m---[0;39m [2m[  restartedMain][0;39m [36mcom.revature.Project1Application        [0;39m [2m:[0;39m No active profile set, falling back to default profiles: default
[2m2021-03-06 15:06:43.887[0;39m [] [32m INFO[0;39m [35m3080[0;39m [2m---[0;39m [2m[  restartedMain][0;39m [36mcom.revature.Project1Application        [0;39m [2m:[0;39m Started Project1Application in 2.315 seconds (JVM running for 1543.898)
2021-03-06 15:30:05.330 []  INFO 2828 --- [           main] com.revature.Project1ApplicationTests    : Starting Project1ApplicationTests using Java 1.8.0_282 on DESKTOP-7L903T3 with PID 2828 (started by huske in C:\Users\huske\Documents\210201sre\myDemos\projects\project1)
2021-03-06 15:30:05.347 []  INFO 2828 --- [           main] com.revature.Project1ApplicationTests    : No active profile set, falling back to default profiles: default
2021-03-06 15:30:16.770 []  INFO 2828 --- [           main] com.revature.Project1ApplicationTests    : Started Project1ApplicationTests in 11.945 seconds (JVM running for 13.741)
2021-03-06 17:26:49.635 []  INFO 3088 --- [           main] com.revature.Project1ApplicationTests    : Starting Project1ApplicationTests using Java 1.8.0_282 on DESKTOP-7L903T3 with PID 3088 (started by huske in C:\Users\huske\Documents\210201sre\myDemos\projects\project1)
2021-03-06 17:26:51.649 []  INFO 3088 --- [           main] com.revature.Project1ApplicationTests    : No active profile set, falling back to default profiles: default
2021-03-06 17:26:57.786 []  INFO 3088 --- [           main] com.revature.Project1ApplicationTests    : Started Project1ApplicationTests in 10.514 seconds (JVM running for 11.759)
